00:06:33.221 [SpringApplicationShutdownHook] INFO  c.a.c.n.r.NacosServiceRegistry - [deregister,94] - De-registering from Nacos Server now...
00:06:33.263 [SpringApplicationShutdownHook] INFO  c.a.c.n.r.NacosServiceRegistry - [deregister,114] - De-registration finished.
00:06:33.592 [SpringApplicationShutdownHook] INFO  c.a.n.c.r.client - [shutdown,454] - Shutdown rpc client, set status to shutdown
00:06:33.592 [SpringApplicationShutdownHook] INFO  c.a.n.c.r.client - [shutdown,456] - Shutdown client event executor java.util.concurrent.ScheduledThreadPoolExecutor@12c887f5[Running, pool size = 2, active threads = 2, queued tasks = 0, completed tasks = 0]
00:06:33.592 [SpringApplicationShutdownHook] INFO  c.a.n.c.r.client - [closeConnection,591] - Close current connection 1681103454975_117.187.228.105_18313
00:06:33.597 [SpringApplicationShutdownHook] INFO  c.a.n.c.r.c.g.GrpcClient - [shutdown,85] - Shutdown grpc executor java.util.concurrent.ThreadPoolExecutor@5e9a36d6[Running, pool size = 4, active threads = 0, queued tasks = 0, completed tasks = 7889]
00:06:33.723 [SpringApplicationShutdownHook] INFO  c.a.d.p.DruidDataSource - [close,2051] - {dataSource-1} closing ...
00:06:33.724 [SpringApplicationShutdownHook] INFO  c.a.d.p.DruidDataSource - [close,2124] - {dataSource-1} closed
07:59:15.043 [main] INFO  c.a.n.c.r.client - [lambda$createClient$0,80] - [RpcClientFactory] create a new rpc client of 1603490d-455a-46d3-8cbe-13dc9e07e4f7_config-0
07:59:15.095 [main] INFO  o.r.Reflections - [scan,232] - Reflections took 26 ms to scan 1 urls, producing 3 keys and 6 values 
07:59:15.116 [main] INFO  o.r.Reflections - [scan,232] - Reflections took 9 ms to scan 1 urls, producing 4 keys and 9 values 
07:59:15.125 [main] INFO  o.r.Reflections - [scan,232] - Reflections took 8 ms to scan 1 urls, producing 3 keys and 10 values 
07:59:15.134 [main] INFO  o.r.Reflections - [scan,232] - Reflections took 7 ms to scan 1 urls, producing 1 keys and 5 values 
07:59:15.143 [main] INFO  o.r.Reflections - [scan,232] - Reflections took 8 ms to scan 1 urls, producing 1 keys and 7 values 
07:59:15.152 [main] INFO  o.r.Reflections - [scan,232] - Reflections took 7 ms to scan 1 urls, producing 2 keys and 8 values 
07:59:15.157 [main] INFO  c.a.n.c.r.client - [printIfInfoEnabled,60] - [1603490d-455a-46d3-8cbe-13dc9e07e4f7_config-0] RpcClient init label, labels = {module=config, Vipserver-Tag=null, source=sdk, Amory-Tag=null, Location-Tag=null, taskId=0, AppName=unknown}
07:59:15.157 [main] INFO  c.a.n.c.r.client - [printIfInfoEnabled,60] - [1603490d-455a-46d3-8cbe-13dc9e07e4f7_config-0] Register server push request handler:com.alibaba.nacos.client.config.impl.ClientWorker$ConfigRpcTransportClient$$Lambda$449/0x0000000800f06ff8
07:59:15.157 [main] INFO  c.a.n.c.r.client - [printIfInfoEnabled,60] - [1603490d-455a-46d3-8cbe-13dc9e07e4f7_config-0] Register server push request handler:com.alibaba.nacos.client.config.impl.ClientWorker$ConfigRpcTransportClient$$Lambda$450/0x0000000800f07218
07:59:15.157 [main] INFO  c.a.n.c.r.client - [printIfInfoEnabled,60] - [1603490d-455a-46d3-8cbe-13dc9e07e4f7_config-0] Registry connection listener to current client:com.alibaba.nacos.client.config.impl.ClientWorker$ConfigRpcTransportClient$1
07:59:15.158 [main] INFO  c.a.n.c.r.client - [printIfInfoEnabled,60] - [1603490d-455a-46d3-8cbe-13dc9e07e4f7_config-0] RpcClient init, ServerListFactory = com.alibaba.nacos.client.config.impl.ClientWorker$ConfigRpcTransportClient$2
07:59:15.163 [main] INFO  c.a.n.c.r.client - [printIfInfoEnabled,60] - [1603490d-455a-46d3-8cbe-13dc9e07e4f7_config-0] Try to connect to server on start up, server: {serverIp = 'ahong.ltd', server main port = 8848}
07:59:16.427 [main] INFO  c.a.n.c.r.client - [printIfInfoEnabled,60] - [1603490d-455a-46d3-8cbe-13dc9e07e4f7_config-0] Success to connect to server [ahong.ltd:8848] on start up, connectionId = 1681171155756_117.187.228.105_59449
07:59:16.429 [com.alibaba.nacos.client.remote.worker] INFO  c.a.n.c.r.client - [printIfInfoEnabled,60] - [1603490d-455a-46d3-8cbe-13dc9e07e4f7_config-0] Notify connected event to listeners.
07:59:16.429 [main] INFO  c.a.n.c.r.client - [printIfInfoEnabled,60] - [1603490d-455a-46d3-8cbe-13dc9e07e4f7_config-0] Register server push request handler:com.alibaba.nacos.common.remote.client.RpcClient$ConnectResetRequestHandler
07:59:16.429 [main] INFO  c.a.n.c.r.client - [printIfInfoEnabled,60] - [1603490d-455a-46d3-8cbe-13dc9e07e4f7_config-0] Register server push request handler:com.alibaba.nacos.common.remote.client.RpcClient$$Lambda$464/0x000000080105fc48
07:59:16.566 [main] INFO  c.a.a.RecruitmentAdminApplication - [logStartupProfileInfo,634] - No active profile set, falling back to 1 default profile: "default"
07:59:18.172 [main] INFO  o.a.c.h.Http11NioProtocol - [log,173] - Initializing ProtocolHandler ["http-nio-9102"]
07:59:18.173 [main] INFO  o.a.c.c.StandardService - [log,173] - Starting service [Tomcat]
07:59:18.173 [main] INFO  o.a.c.c.StandardEngine - [log,173] - Starting Servlet engine: [Apache Tomcat/9.0.64]
07:59:18.315 [main] INFO  o.a.c.c.C.[.[.[/] - [log,173] - Initializing Spring embedded WebApplicationContext
07:59:18.440 [main] INFO  c.a.d.s.b.a.DruidDataSourceAutoConfigure - [dataSource,55] - Init DruidDataSource
07:59:20.584 [main] INFO  c.a.d.p.DruidDataSource - [init,972] - {dataSource-1} inited
07:59:22.420 [main] INFO  c.a.c.s.SentinelWebMvcConfigurer - [addInterceptors,52] - [Sentinel Starter] register SentinelWebInterceptor with urlPatterns: [/**].
07:59:25.856 [main] INFO  c.a.n.c.r.client - [lambda$createClient$0,80] - [RpcClientFactory] create a new rpc client of 2a8afe09-bce1-4ab7-906d-93e68aeae263
07:59:25.856 [main] INFO  c.a.n.c.r.client - [printIfInfoEnabled,60] - [2a8afe09-bce1-4ab7-906d-93e68aeae263] RpcClient init label, labels = {module=naming, source=sdk}
07:59:25.858 [main] INFO  c.a.n.c.r.client - [printIfInfoEnabled,60] - [2a8afe09-bce1-4ab7-906d-93e68aeae263] RpcClient init, ServerListFactory = com.alibaba.nacos.client.naming.core.ServerListManager
07:59:25.858 [main] INFO  c.a.n.c.r.client - [printIfInfoEnabled,60] - [2a8afe09-bce1-4ab7-906d-93e68aeae263] Registry connection listener to current client:com.alibaba.nacos.client.naming.remote.gprc.redo.NamingGrpcRedoService
07:59:25.858 [main] INFO  c.a.n.c.r.client - [printIfInfoEnabled,60] - [2a8afe09-bce1-4ab7-906d-93e68aeae263] Register server push request handler:com.alibaba.nacos.client.naming.remote.gprc.NamingPushRequestHandler
07:59:25.858 [main] INFO  c.a.n.c.r.client - [printIfInfoEnabled,60] - [2a8afe09-bce1-4ab7-906d-93e68aeae263] Try to connect to server on start up, server: {serverIp = 'ahong.ltd', server main port = 8848}
07:59:26.089 [main] INFO  c.a.n.c.r.client - [printIfInfoEnabled,60] - [2a8afe09-bce1-4ab7-906d-93e68aeae263] Success to connect to server [ahong.ltd:8848] on start up, connectionId = 1681171165469_117.187.228.105_6329
07:59:26.089 [main] INFO  c.a.n.c.r.client - [printIfInfoEnabled,60] - [2a8afe09-bce1-4ab7-906d-93e68aeae263] Register server push request handler:com.alibaba.nacos.common.remote.client.RpcClient$ConnectResetRequestHandler
07:59:26.089 [com.alibaba.nacos.client.remote.worker] INFO  c.a.n.c.r.client - [printIfInfoEnabled,60] - [2a8afe09-bce1-4ab7-906d-93e68aeae263] Notify connected event to listeners.
07:59:26.089 [main] INFO  c.a.n.c.r.client - [printIfInfoEnabled,60] - [2a8afe09-bce1-4ab7-906d-93e68aeae263] Register server push request handler:com.alibaba.nacos.common.remote.client.RpcClient$$Lambda$464/0x000000080105fc48
07:59:26.149 [main] INFO  o.a.c.h.Http11NioProtocol - [log,173] - Starting ProtocolHandler ["http-nio-9102"]
07:59:26.206 [main] INFO  c.a.c.n.r.NacosServiceRegistry - [register,75] - nacos registry, DEFAULT_GROUP recruitment-admin 192.168.198.1:9102 register finished
07:59:26.714 [nacos-grpc-client-executor-6] INFO  c.a.n.c.r.client - [printIfInfoEnabled,60] - [2a8afe09-bce1-4ab7-906d-93e68aeae263] Receive server push request, request = NotifySubscriberRequest, requestId = 476
07:59:26.717 [nacos-grpc-client-executor-6] INFO  c.a.n.c.r.client - [printIfInfoEnabled,60] - [2a8afe09-bce1-4ab7-906d-93e68aeae263] Ack server push request, request = NotifySubscriberRequest, requestId = 476
07:59:27.680 [main] INFO  c.a.a.RecruitmentAdminApplication - [logStarted,61] - Started RecruitmentAdminApplication in 16.157 seconds (JVM running for 16.962)
07:59:27.688 [main] INFO  c.a.c.n.r.NacosContextRefresher - [registerNacosListener,129] - [Nacos Config] Listening config: dataId=recruitment-admin.yml, group=DEFAULT_GROUP
07:59:27.688 [main] INFO  c.a.c.n.r.NacosContextRefresher - [registerNacosListener,129] - [Nacos Config] Listening config: dataId=recruitment-admin, group=DEFAULT_GROUP
07:59:27.842 [RMI TCP Connection(6)-192.168.159.1] INFO  o.a.c.c.C.[.[.[/] - [log,173] - Initializing Spring DispatcherServlet 'dispatcherServlet'
12:11:53.701 [SpringApplicationShutdownHook] INFO  c.a.c.n.r.NacosServiceRegistry - [deregister,94] - De-registering from Nacos Server now...
12:11:53.743 [SpringApplicationShutdownHook] INFO  c.a.c.n.r.NacosServiceRegistry - [deregister,114] - De-registration finished.
12:11:54.070 [SpringApplicationShutdownHook] INFO  c.a.n.c.r.client - [shutdown,454] - Shutdown rpc client, set status to shutdown
12:11:54.071 [SpringApplicationShutdownHook] INFO  c.a.n.c.r.client - [shutdown,456] - Shutdown client event executor java.util.concurrent.ScheduledThreadPoolExecutor@274dce97[Running, pool size = 2, active threads = 2, queued tasks = 0, completed tasks = 0]
12:11:54.071 [SpringApplicationShutdownHook] INFO  c.a.n.c.r.client - [closeConnection,591] - Close current connection 1681171165469_117.187.228.105_6329
12:11:54.074 [SpringApplicationShutdownHook] INFO  c.a.n.c.r.c.g.GrpcClient - [shutdown,85] - Shutdown grpc executor java.util.concurrent.ThreadPoolExecutor@2e8627f4[Running, pool size = 4, active threads = 0, queued tasks = 0, completed tasks = 3048]
12:11:54.198 [SpringApplicationShutdownHook] INFO  c.a.d.p.DruidDataSource - [close,2051] - {dataSource-1} closing ...
12:11:54.199 [SpringApplicationShutdownHook] INFO  c.a.d.p.DruidDataSource - [close,2124] - {dataSource-1} closed
17:20:32.419 [main] INFO  c.a.n.c.r.client - [lambda$createClient$0,80] - [RpcClientFactory] create a new rpc client of a1a09e29-d5ce-4634-9833-66f4f78d851c_config-0
17:20:32.603 [main] INFO  o.r.Reflections - [scan,232] - Reflections took 119 ms to scan 1 urls, producing 3 keys and 6 values 
17:20:32.659 [main] INFO  o.r.Reflections - [scan,232] - Reflections took 26 ms to scan 1 urls, producing 4 keys and 9 values 
17:20:32.694 [main] INFO  o.r.Reflections - [scan,232] - Reflections took 32 ms to scan 1 urls, producing 3 keys and 10 values 
17:20:32.725 [main] INFO  o.r.Reflections - [scan,232] - Reflections took 26 ms to scan 1 urls, producing 1 keys and 5 values 
17:20:32.754 [main] INFO  o.r.Reflections - [scan,232] - Reflections took 25 ms to scan 1 urls, producing 1 keys and 7 values 
17:20:32.778 [main] INFO  o.r.Reflections - [scan,232] - Reflections took 21 ms to scan 1 urls, producing 2 keys and 8 values 
17:20:32.783 [main] INFO  c.a.n.c.r.client - [printIfInfoEnabled,60] - [a1a09e29-d5ce-4634-9833-66f4f78d851c_config-0] RpcClient init label, labels = {module=config, Vipserver-Tag=null, source=sdk, Amory-Tag=null, Location-Tag=null, taskId=0, AppName=unknown}
17:20:32.784 [main] INFO  c.a.n.c.r.client - [printIfInfoEnabled,60] - [a1a09e29-d5ce-4634-9833-66f4f78d851c_config-0] Register server push request handler:com.alibaba.nacos.client.config.impl.ClientWorker$ConfigRpcTransportClient$$Lambda$449/0x0000000800f05a58
17:20:32.785 [main] INFO  c.a.n.c.r.client - [printIfInfoEnabled,60] - [a1a09e29-d5ce-4634-9833-66f4f78d851c_config-0] Register server push request handler:com.alibaba.nacos.client.config.impl.ClientWorker$ConfigRpcTransportClient$$Lambda$450/0x0000000800f05c78
17:20:32.786 [main] INFO  c.a.n.c.r.client - [printIfInfoEnabled,60] - [a1a09e29-d5ce-4634-9833-66f4f78d851c_config-0] Registry connection listener to current client:com.alibaba.nacos.client.config.impl.ClientWorker$ConfigRpcTransportClient$1
17:20:32.787 [main] INFO  c.a.n.c.r.client - [printIfInfoEnabled,60] - [a1a09e29-d5ce-4634-9833-66f4f78d851c_config-0] RpcClient init, ServerListFactory = com.alibaba.nacos.client.config.impl.ClientWorker$ConfigRpcTransportClient$2
17:20:32.807 [main] INFO  c.a.n.c.r.client - [printIfInfoEnabled,60] - [a1a09e29-d5ce-4634-9833-66f4f78d851c_config-0] Try to connect to server on start up, server: {serverIp = 'ahong.ltd', server main port = 8848}
17:20:35.540 [main] INFO  c.a.n.c.r.client - [printIfInfoEnabled,60] - [a1a09e29-d5ce-4634-9833-66f4f78d851c_config-0] Success to connect to server [ahong.ltd:8848] on start up, connectionId = 1681204834474_117.187.228.105_2073
17:20:35.541 [com.alibaba.nacos.client.remote.worker] INFO  c.a.n.c.r.client - [printIfInfoEnabled,60] - [a1a09e29-d5ce-4634-9833-66f4f78d851c_config-0] Notify connected event to listeners.
17:20:35.542 [main] INFO  c.a.n.c.r.client - [printIfInfoEnabled,60] - [a1a09e29-d5ce-4634-9833-66f4f78d851c_config-0] Register server push request handler:com.alibaba.nacos.common.remote.client.RpcClient$ConnectResetRequestHandler
17:20:35.542 [main] INFO  c.a.n.c.r.client - [printIfInfoEnabled,60] - [a1a09e29-d5ce-4634-9833-66f4f78d851c_config-0] Register server push request handler:com.alibaba.nacos.common.remote.client.RpcClient$$Lambda$464/0x00000008010624d8
17:20:35.713 [main] INFO  c.a.a.RecruitmentAdminApplication - [logStartupProfileInfo,634] - No active profile set, falling back to 1 default profile: "default"
17:20:38.059 [main] INFO  o.a.c.h.Http11NioProtocol - [log,173] - Initializing ProtocolHandler ["http-nio-9102"]
17:20:38.059 [main] INFO  o.a.c.c.StandardService - [log,173] - Starting service [Tomcat]
17:20:38.060 [main] INFO  o.a.c.c.StandardEngine - [log,173] - Starting Servlet engine: [Apache Tomcat/9.0.64]
17:20:38.246 [main] INFO  o.a.c.c.C.[.[.[/] - [log,173] - Initializing Spring embedded WebApplicationContext
17:20:38.407 [main] INFO  c.a.d.s.b.a.DruidDataSourceAutoConfigure - [dataSource,55] - Init DruidDataSource
17:20:40.763 [main] INFO  c.a.d.p.DruidDataSource - [init,972] - {dataSource-1} inited
17:20:43.633 [main] INFO  c.a.c.s.SentinelWebMvcConfigurer - [addInterceptors,52] - [Sentinel Starter] register SentinelWebInterceptor with urlPatterns: [/**].
17:20:48.275 [main] INFO  c.a.n.c.r.client - [lambda$createClient$0,80] - [RpcClientFactory] create a new rpc client of fa3cd135-a161-4265-a71a-fb79bda0101b
17:20:48.275 [main] INFO  c.a.n.c.r.client - [printIfInfoEnabled,60] - [fa3cd135-a161-4265-a71a-fb79bda0101b] RpcClient init label, labels = {module=naming, source=sdk}
17:20:48.277 [main] INFO  c.a.n.c.r.client - [printIfInfoEnabled,60] - [fa3cd135-a161-4265-a71a-fb79bda0101b] RpcClient init, ServerListFactory = com.alibaba.nacos.client.naming.core.ServerListManager
17:20:48.278 [main] INFO  c.a.n.c.r.client - [printIfInfoEnabled,60] - [fa3cd135-a161-4265-a71a-fb79bda0101b] Registry connection listener to current client:com.alibaba.nacos.client.naming.remote.gprc.redo.NamingGrpcRedoService
17:20:48.278 [main] INFO  c.a.n.c.r.client - [printIfInfoEnabled,60] - [fa3cd135-a161-4265-a71a-fb79bda0101b] Register server push request handler:com.alibaba.nacos.client.naming.remote.gprc.NamingPushRequestHandler
17:20:48.279 [main] INFO  c.a.n.c.r.client - [printIfInfoEnabled,60] - [fa3cd135-a161-4265-a71a-fb79bda0101b] Try to connect to server on start up, server: {serverIp = 'ahong.ltd', server main port = 8848}
17:20:48.521 [main] INFO  c.a.n.c.r.client - [printIfInfoEnabled,60] - [fa3cd135-a161-4265-a71a-fb79bda0101b] Success to connect to server [ahong.ltd:8848] on start up, connectionId = 1681204847546_117.187.228.105_50713
17:20:48.522 [com.alibaba.nacos.client.remote.worker] INFO  c.a.n.c.r.client - [printIfInfoEnabled,60] - [fa3cd135-a161-4265-a71a-fb79bda0101b] Notify connected event to listeners.
17:20:48.522 [main] INFO  c.a.n.c.r.client - [printIfInfoEnabled,60] - [fa3cd135-a161-4265-a71a-fb79bda0101b] Register server push request handler:com.alibaba.nacos.common.remote.client.RpcClient$ConnectResetRequestHandler
17:20:48.522 [main] INFO  c.a.n.c.r.client - [printIfInfoEnabled,60] - [fa3cd135-a161-4265-a71a-fb79bda0101b] Register server push request handler:com.alibaba.nacos.common.remote.client.RpcClient$$Lambda$464/0x00000008010624d8
17:20:48.590 [main] INFO  o.a.c.h.Http11NioProtocol - [log,173] - Starting ProtocolHandler ["http-nio-9102"]
17:20:48.654 [main] INFO  c.a.c.n.r.NacosServiceRegistry - [register,75] - nacos registry, DEFAULT_GROUP recruitment-admin 192.168.198.1:9102 register finished
17:20:49.100 [nacos-grpc-client-executor-6] INFO  c.a.n.c.r.client - [printIfInfoEnabled,60] - [fa3cd135-a161-4265-a71a-fb79bda0101b] Receive server push request, request = NotifySubscriberRequest, requestId = 491
17:20:49.105 [nacos-grpc-client-executor-6] INFO  c.a.n.c.r.client - [printIfInfoEnabled,60] - [fa3cd135-a161-4265-a71a-fb79bda0101b] Ack server push request, request = NotifySubscriberRequest, requestId = 491
17:20:50.405 [main] INFO  c.a.a.RecruitmentAdminApplication - [logStarted,61] - Started RecruitmentAdminApplication in 23.857 seconds (JVM running for 25.208)
17:20:50.417 [main] INFO  c.a.c.n.r.NacosContextRefresher - [registerNacosListener,129] - [Nacos Config] Listening config: dataId=recruitment-admin.yml, group=DEFAULT_GROUP
17:20:50.418 [main] INFO  c.a.c.n.r.NacosContextRefresher - [registerNacosListener,129] - [Nacos Config] Listening config: dataId=recruitment-admin, group=DEFAULT_GROUP
17:20:50.704 [RMI TCP Connection(5)-192.168.159.1] INFO  o.a.c.c.C.[.[.[/] - [log,173] - Initializing Spring DispatcherServlet 'dispatcherServlet'
23:57:17.119 [SpringApplicationShutdownHook] INFO  c.a.c.n.r.NacosServiceRegistry - [deregister,94] - De-registering from Nacos Server now...
23:57:17.163 [SpringApplicationShutdownHook] INFO  c.a.c.n.r.NacosServiceRegistry - [deregister,114] - De-registration finished.
23:57:17.491 [SpringApplicationShutdownHook] INFO  c.a.n.c.r.client - [shutdown,454] - Shutdown rpc client, set status to shutdown
23:57:17.491 [SpringApplicationShutdownHook] INFO  c.a.n.c.r.client - [shutdown,456] - Shutdown client event executor java.util.concurrent.ScheduledThreadPoolExecutor@4ac915a1[Running, pool size = 2, active threads = 2, queued tasks = 0, completed tasks = 0]
23:57:17.491 [SpringApplicationShutdownHook] INFO  c.a.n.c.r.client - [closeConnection,591] - Close current connection 1681204847546_117.187.228.105_50713
23:57:17.494 [SpringApplicationShutdownHook] INFO  c.a.n.c.r.c.g.GrpcClient - [shutdown,85] - Shutdown grpc executor java.util.concurrent.ThreadPoolExecutor@7fc5e413[Running, pool size = 4, active threads = 0, queued tasks = 0, completed tasks = 4748]
23:57:17.621 [SpringApplicationShutdownHook] INFO  c.a.d.p.DruidDataSource - [close,2051] - {dataSource-1} closing ...
23:57:17.622 [SpringApplicationShutdownHook] INFO  c.a.d.p.DruidDataSource - [close,2124] - {dataSource-1} closed
