10:30:38.600 [background-preinit] INFO  o.h.v.i.util.Version - [<clinit>,21] - HV000001: Hibernate Validator 6.1.6.Final
10:30:40.794 [main] INFO  c.a.n.c.r.client - [lambda$createClient$0,80] - [RpcClientFactory] create a new rpc client of c372aa0a-f5a3-409f-b29d-5dd3abc056f1_config-0
10:30:40.863 [main] INFO  o.r.Reflections - [scan,232] - Reflections took 35 ms to scan 1 urls, producing 3 keys and 6 values 
10:30:40.901 [main] INFO  o.r.Reflections - [scan,232] - Reflections took 17 ms to scan 1 urls, producing 4 keys and 9 values 
10:30:40.915 [main] INFO  o.r.Reflections - [scan,232] - Reflections took 12 ms to scan 1 urls, producing 3 keys and 10 values 
10:30:40.942 [main] INFO  o.r.Reflections - [scan,232] - Reflections took 24 ms to scan 1 urls, producing 1 keys and 5 values 
10:30:40.954 [main] INFO  o.r.Reflections - [scan,232] - Reflections took 10 ms to scan 1 urls, producing 1 keys and 7 values 
10:30:40.966 [main] INFO  o.r.Reflections - [scan,232] - Reflections took 10 ms to scan 1 urls, producing 2 keys and 8 values 
10:30:40.969 [main] INFO  c.a.n.c.r.client - [printIfInfoEnabled,60] - [c372aa0a-f5a3-409f-b29d-5dd3abc056f1_config-0] RpcClient init label, labels = {module=config, Vipserver-Tag=null, source=sdk, Amory-Tag=null, Location-Tag=null, taskId=0, AppName=unknown}
10:30:40.969 [main] INFO  c.a.n.c.r.client - [printIfInfoEnabled,60] - [c372aa0a-f5a3-409f-b29d-5dd3abc056f1_config-0] Register server push request handler:com.alibaba.nacos.client.config.impl.ClientWorker$ConfigRpcTransportClient$$Lambda$460/0x0000000800f70b08
10:30:40.970 [main] INFO  c.a.n.c.r.client - [printIfInfoEnabled,60] - [c372aa0a-f5a3-409f-b29d-5dd3abc056f1_config-0] Register server push request handler:com.alibaba.nacos.client.config.impl.ClientWorker$ConfigRpcTransportClient$$Lambda$461/0x0000000800f70d28
10:30:40.970 [main] INFO  c.a.n.c.r.client - [printIfInfoEnabled,60] - [c372aa0a-f5a3-409f-b29d-5dd3abc056f1_config-0] Registry connection listener to current client:com.alibaba.nacos.client.config.impl.ClientWorker$ConfigRpcTransportClient$1
10:30:40.971 [main] INFO  c.a.n.c.r.client - [printIfInfoEnabled,60] - [c372aa0a-f5a3-409f-b29d-5dd3abc056f1_config-0] RpcClient init, ServerListFactory = com.alibaba.nacos.client.config.impl.ClientWorker$ConfigRpcTransportClient$2
10:30:40.979 [main] INFO  c.a.n.c.r.client - [printIfInfoEnabled,60] - [c372aa0a-f5a3-409f-b29d-5dd3abc056f1_config-0] Try to connect to server on start up, server: {serverIp = 'ahong.ltd', server main port = 8848}
10:30:42.782 [main] INFO  c.a.n.c.r.client - [printIfInfoEnabled,60] - [c372aa0a-f5a3-409f-b29d-5dd3abc056f1_config-0] Success to connect to server [ahong.ltd:8848] on start up, connectionId = 1682303443483_117.187.228.105_36393
10:30:42.783 [com.alibaba.nacos.client.remote.worker] INFO  c.a.n.c.r.client - [printIfInfoEnabled,60] - [c372aa0a-f5a3-409f-b29d-5dd3abc056f1_config-0] Notify connected event to listeners.
10:30:42.783 [main] INFO  c.a.n.c.r.client - [printIfInfoEnabled,60] - [c372aa0a-f5a3-409f-b29d-5dd3abc056f1_config-0] Register server push request handler:com.alibaba.nacos.common.remote.client.RpcClient$ConnectResetRequestHandler
10:30:42.784 [main] INFO  c.a.n.c.r.client - [printIfInfoEnabled,60] - [c372aa0a-f5a3-409f-b29d-5dd3abc056f1_config-0] Register server push request handler:com.alibaba.nacos.common.remote.client.RpcClient$$Lambda$475/0x00000008010eadc8
10:30:42.952 [main] INFO  c.a.a.RecruitmentAdminApplication - [logStartupProfileInfo,634] - No active profile set, falling back to 1 default profile: "default"
10:30:45.974 [main] INFO  o.a.c.h.Http11NioProtocol - [log,173] - Initializing ProtocolHandler ["http-nio-9102"]
10:30:45.975 [main] INFO  o.a.c.c.StandardService - [log,173] - Starting service [Tomcat]
10:30:45.975 [main] INFO  o.a.c.c.StandardEngine - [log,173] - Starting Servlet engine: [Apache Tomcat/9.0.64]
10:30:46.130 [main] INFO  o.a.c.c.C.[.[.[/] - [log,173] - Initializing Spring embedded WebApplicationContext
10:30:46.288 [main] INFO  c.a.d.s.b.a.DruidDataSourceAutoConfigure - [dataSource,55] - Init DruidDataSource
10:30:48.657 [main] INFO  c.a.d.p.DruidDataSource - [init,972] - {dataSource-1} inited
10:30:51.331 [main] INFO  c.a.c.s.SentinelWebMvcConfigurer - [addInterceptors,52] - [Sentinel Starter] register SentinelWebInterceptor with urlPatterns: [/**].
10:30:56.163 [main] INFO  c.a.n.c.r.client - [lambda$createClient$0,80] - [RpcClientFactory] create a new rpc client of f232df08-196d-4921-854c-a87eb8f1a8d5
10:30:56.164 [main] INFO  c.a.n.c.r.client - [printIfInfoEnabled,60] - [f232df08-196d-4921-854c-a87eb8f1a8d5] RpcClient init label, labels = {module=naming, source=sdk}
10:30:56.166 [main] INFO  c.a.n.c.r.client - [printIfInfoEnabled,60] - [f232df08-196d-4921-854c-a87eb8f1a8d5] RpcClient init, ServerListFactory = com.alibaba.nacos.client.naming.core.ServerListManager
10:30:56.166 [main] INFO  c.a.n.c.r.client - [printIfInfoEnabled,60] - [f232df08-196d-4921-854c-a87eb8f1a8d5] Registry connection listener to current client:com.alibaba.nacos.client.naming.remote.gprc.redo.NamingGrpcRedoService
10:30:56.167 [main] INFO  c.a.n.c.r.client - [printIfInfoEnabled,60] - [f232df08-196d-4921-854c-a87eb8f1a8d5] Register server push request handler:com.alibaba.nacos.client.naming.remote.gprc.NamingPushRequestHandler
10:30:56.167 [main] INFO  c.a.n.c.r.client - [printIfInfoEnabled,60] - [f232df08-196d-4921-854c-a87eb8f1a8d5] Try to connect to server on start up, server: {serverIp = 'ahong.ltd', server main port = 8848}
10:30:56.398 [main] INFO  c.a.n.c.r.client - [printIfInfoEnabled,60] - [f232df08-196d-4921-854c-a87eb8f1a8d5] Success to connect to server [ahong.ltd:8848] on start up, connectionId = 1682303457181_117.187.228.105_14185
10:30:56.398 [main] INFO  c.a.n.c.r.client - [printIfInfoEnabled,60] - [f232df08-196d-4921-854c-a87eb8f1a8d5] Register server push request handler:com.alibaba.nacos.common.remote.client.RpcClient$ConnectResetRequestHandler
10:30:56.398 [com.alibaba.nacos.client.remote.worker] INFO  c.a.n.c.r.client - [printIfInfoEnabled,60] - [f232df08-196d-4921-854c-a87eb8f1a8d5] Notify connected event to listeners.
10:30:56.398 [main] INFO  c.a.n.c.r.client - [printIfInfoEnabled,60] - [f232df08-196d-4921-854c-a87eb8f1a8d5] Register server push request handler:com.alibaba.nacos.common.remote.client.RpcClient$$Lambda$475/0x00000008010eadc8
10:30:56.480 [main] INFO  o.a.c.h.Http11NioProtocol - [log,173] - Starting ProtocolHandler ["http-nio-9102"]
10:30:56.552 [main] INFO  c.a.c.n.r.NacosServiceRegistry - [register,75] - nacos registry, DEFAULT_GROUP recruitment-admin 192.168.198.1:9102 register finished
10:30:57.063 [nacos-grpc-client-executor-8] INFO  c.a.n.c.r.client - [printIfInfoEnabled,60] - [f232df08-196d-4921-854c-a87eb8f1a8d5] Receive server push request, request = NotifySubscriberRequest, requestId = 21528
10:30:57.068 [nacos-grpc-client-executor-8] INFO  c.a.n.c.r.client - [printIfInfoEnabled,60] - [f232df08-196d-4921-854c-a87eb8f1a8d5] Ack server push request, request = NotifySubscriberRequest, requestId = 21528
10:30:58.590 [main] INFO  c.a.a.RecruitmentAdminApplication - [logStarted,61] - Started RecruitmentAdminApplication in 22.174 seconds (JVM running for 23.446)
10:30:58.602 [main] INFO  c.a.c.n.r.NacosContextRefresher - [registerNacosListener,129] - [Nacos Config] Listening config: dataId=recruitment-admin.yml, group=DEFAULT_GROUP
10:30:58.603 [main] INFO  c.a.c.n.r.NacosContextRefresher - [registerNacosListener,129] - [Nacos Config] Listening config: dataId=recruitment-admin, group=DEFAULT_GROUP
10:30:58.782 [RMI TCP Connection(4)-192.168.159.1] INFO  o.a.c.c.C.[.[.[/] - [log,173] - Initializing Spring DispatcherServlet 'dispatcherServlet'
10:35:00.323 [SpringApplicationShutdownHook] INFO  c.a.c.n.r.NacosServiceRegistry - [deregister,94] - De-registering from Nacos Server now...
10:35:00.367 [SpringApplicationShutdownHook] INFO  c.a.c.n.r.NacosServiceRegistry - [deregister,114] - De-registration finished.
10:35:00.779 [SpringApplicationShutdownHook] INFO  c.a.n.c.r.client - [shutdown,454] - Shutdown rpc client, set status to shutdown
10:35:00.780 [SpringApplicationShutdownHook] INFO  c.a.n.c.r.client - [shutdown,456] - Shutdown client event executor java.util.concurrent.ScheduledThreadPoolExecutor@554abbee[Running, pool size = 2, active threads = 2, queued tasks = 0, completed tasks = 0]
10:35:00.780 [SpringApplicationShutdownHook] INFO  c.a.n.c.r.client - [closeConnection,591] - Close current connection 1682303457181_117.187.228.105_14185
10:35:00.785 [SpringApplicationShutdownHook] INFO  c.a.n.c.r.c.g.GrpcClient - [shutdown,85] - Shutdown grpc executor java.util.concurrent.ThreadPoolExecutor@1ff287bc[Running, pool size = 4, active threads = 0, queued tasks = 0, completed tasks = 63]
10:35:00.907 [SpringApplicationShutdownHook] INFO  c.a.d.p.DruidDataSource - [close,2051] - {dataSource-1} closing ...
10:35:00.916 [SpringApplicationShutdownHook] INFO  c.a.d.p.DruidDataSource - [close,2124] - {dataSource-1} closed
10:35:08.593 [background-preinit] INFO  o.h.v.i.util.Version - [<clinit>,21] - HV000001: Hibernate Validator 6.1.6.Final
10:35:10.389 [main] INFO  c.a.n.c.r.client - [lambda$createClient$0,80] - [RpcClientFactory] create a new rpc client of e8003470-e7c0-484f-82b0-83c4c9a722d2_config-0
10:35:10.428 [main] INFO  o.r.Reflections - [scan,232] - Reflections took 20 ms to scan 1 urls, producing 3 keys and 6 values 
10:35:10.446 [main] INFO  o.r.Reflections - [scan,232] - Reflections took 9 ms to scan 1 urls, producing 4 keys and 9 values 
10:35:10.459 [main] INFO  o.r.Reflections - [scan,232] - Reflections took 12 ms to scan 1 urls, producing 3 keys and 10 values 
10:35:10.472 [main] INFO  o.r.Reflections - [scan,232] - Reflections took 10 ms to scan 1 urls, producing 1 keys and 5 values 
10:35:10.479 [main] INFO  o.r.Reflections - [scan,232] - Reflections took 6 ms to scan 1 urls, producing 1 keys and 7 values 
10:35:10.486 [main] INFO  o.r.Reflections - [scan,232] - Reflections took 5 ms to scan 1 urls, producing 2 keys and 8 values 
10:35:10.488 [main] INFO  c.a.n.c.r.client - [printIfInfoEnabled,60] - [e8003470-e7c0-484f-82b0-83c4c9a722d2_config-0] RpcClient init label, labels = {module=config, Vipserver-Tag=null, source=sdk, Amory-Tag=null, Location-Tag=null, taskId=0, AppName=unknown}
10:35:10.488 [main] INFO  c.a.n.c.r.client - [printIfInfoEnabled,60] - [e8003470-e7c0-484f-82b0-83c4c9a722d2_config-0] Register server push request handler:com.alibaba.nacos.client.config.impl.ClientWorker$ConfigRpcTransportClient$$Lambda$459/0x0000000800f70fc8
10:35:10.488 [main] INFO  c.a.n.c.r.client - [printIfInfoEnabled,60] - [e8003470-e7c0-484f-82b0-83c4c9a722d2_config-0] Register server push request handler:com.alibaba.nacos.client.config.impl.ClientWorker$ConfigRpcTransportClient$$Lambda$460/0x0000000800f711e8
10:35:10.488 [main] INFO  c.a.n.c.r.client - [printIfInfoEnabled,60] - [e8003470-e7c0-484f-82b0-83c4c9a722d2_config-0] Registry connection listener to current client:com.alibaba.nacos.client.config.impl.ClientWorker$ConfigRpcTransportClient$1
10:35:10.489 [main] INFO  c.a.n.c.r.client - [printIfInfoEnabled,60] - [e8003470-e7c0-484f-82b0-83c4c9a722d2_config-0] RpcClient init, ServerListFactory = com.alibaba.nacos.client.config.impl.ClientWorker$ConfigRpcTransportClient$2
10:35:10.494 [main] INFO  c.a.n.c.r.client - [printIfInfoEnabled,60] - [e8003470-e7c0-484f-82b0-83c4c9a722d2_config-0] Try to connect to server on start up, server: {serverIp = 'ahong.ltd', server main port = 8848}
10:35:11.705 [main] INFO  c.a.n.c.r.client - [printIfInfoEnabled,60] - [e8003470-e7c0-484f-82b0-83c4c9a722d2_config-0] Success to connect to server [ahong.ltd:8848] on start up, connectionId = 1682303712450_117.187.228.105_11033
10:35:11.705 [com.alibaba.nacos.client.remote.worker] INFO  c.a.n.c.r.client - [printIfInfoEnabled,60] - [e8003470-e7c0-484f-82b0-83c4c9a722d2_config-0] Notify connected event to listeners.
10:35:11.705 [main] INFO  c.a.n.c.r.client - [printIfInfoEnabled,60] - [e8003470-e7c0-484f-82b0-83c4c9a722d2_config-0] Register server push request handler:com.alibaba.nacos.common.remote.client.RpcClient$ConnectResetRequestHandler
10:35:11.706 [main] INFO  c.a.n.c.r.client - [printIfInfoEnabled,60] - [e8003470-e7c0-484f-82b0-83c4c9a722d2_config-0] Register server push request handler:com.alibaba.nacos.common.remote.client.RpcClient$$Lambda$474/0x00000008010e9210
10:35:11.837 [main] INFO  c.a.a.RecruitmentAdminApplication - [logStartupProfileInfo,634] - No active profile set, falling back to 1 default profile: "default"
10:35:13.362 [main] INFO  o.a.c.h.Http11NioProtocol - [log,173] - Initializing ProtocolHandler ["http-nio-9102"]
10:35:13.362 [main] INFO  o.a.c.c.StandardService - [log,173] - Starting service [Tomcat]
10:35:13.362 [main] INFO  o.a.c.c.StandardEngine - [log,173] - Starting Servlet engine: [Apache Tomcat/9.0.64]
10:35:13.460 [main] INFO  o.a.c.c.C.[.[.[/] - [log,173] - Initializing Spring embedded WebApplicationContext
10:35:13.550 [main] INFO  c.a.d.s.b.a.DruidDataSourceAutoConfigure - [dataSource,55] - Init DruidDataSource
10:35:15.581 [main] INFO  c.a.d.p.DruidDataSource - [init,972] - {dataSource-1} inited
10:35:16.948 [main] INFO  c.a.c.s.SentinelWebMvcConfigurer - [addInterceptors,52] - [Sentinel Starter] register SentinelWebInterceptor with urlPatterns: [/**].
10:35:20.455 [main] INFO  c.a.n.c.r.client - [lambda$createClient$0,80] - [RpcClientFactory] create a new rpc client of 548f59a3-a253-430a-bda2-fb37e39e0fa1
10:35:20.455 [main] INFO  c.a.n.c.r.client - [printIfInfoEnabled,60] - [548f59a3-a253-430a-bda2-fb37e39e0fa1] RpcClient init label, labels = {module=naming, source=sdk}
10:35:20.456 [main] INFO  c.a.n.c.r.client - [printIfInfoEnabled,60] - [548f59a3-a253-430a-bda2-fb37e39e0fa1] RpcClient init, ServerListFactory = com.alibaba.nacos.client.naming.core.ServerListManager
10:35:20.456 [main] INFO  c.a.n.c.r.client - [printIfInfoEnabled,60] - [548f59a3-a253-430a-bda2-fb37e39e0fa1] Registry connection listener to current client:com.alibaba.nacos.client.naming.remote.gprc.redo.NamingGrpcRedoService
10:35:20.456 [main] INFO  c.a.n.c.r.client - [printIfInfoEnabled,60] - [548f59a3-a253-430a-bda2-fb37e39e0fa1] Register server push request handler:com.alibaba.nacos.client.naming.remote.gprc.NamingPushRequestHandler
10:35:20.457 [main] INFO  c.a.n.c.r.client - [printIfInfoEnabled,60] - [548f59a3-a253-430a-bda2-fb37e39e0fa1] Try to connect to server on start up, server: {serverIp = 'ahong.ltd', server main port = 8848}
10:35:20.685 [main] INFO  c.a.n.c.r.client - [printIfInfoEnabled,60] - [548f59a3-a253-430a-bda2-fb37e39e0fa1] Success to connect to server [ahong.ltd:8848] on start up, connectionId = 1682303721468_117.187.228.105_42777
10:35:20.685 [main] INFO  c.a.n.c.r.client - [printIfInfoEnabled,60] - [548f59a3-a253-430a-bda2-fb37e39e0fa1] Register server push request handler:com.alibaba.nacos.common.remote.client.RpcClient$ConnectResetRequestHandler
10:35:20.685 [com.alibaba.nacos.client.remote.worker] INFO  c.a.n.c.r.client - [printIfInfoEnabled,60] - [548f59a3-a253-430a-bda2-fb37e39e0fa1] Notify connected event to listeners.
10:35:20.685 [main] INFO  c.a.n.c.r.client - [printIfInfoEnabled,60] - [548f59a3-a253-430a-bda2-fb37e39e0fa1] Register server push request handler:com.alibaba.nacos.common.remote.client.RpcClient$$Lambda$474/0x00000008010e9210
10:35:20.745 [main] INFO  o.a.c.h.Http11NioProtocol - [log,173] - Starting ProtocolHandler ["http-nio-9102"]
10:35:20.802 [main] INFO  c.a.c.n.r.NacosServiceRegistry - [register,75] - nacos registry, DEFAULT_GROUP recruitment-admin 192.168.198.1:9102 register finished
10:35:21.306 [nacos-grpc-client-executor-6] INFO  c.a.n.c.r.client - [printIfInfoEnabled,60] - [548f59a3-a253-430a-bda2-fb37e39e0fa1] Receive server push request, request = NotifySubscriberRequest, requestId = 21535
10:35:21.310 [nacos-grpc-client-executor-6] INFO  c.a.n.c.r.client - [printIfInfoEnabled,60] - [548f59a3-a253-430a-bda2-fb37e39e0fa1] Ack server push request, request = NotifySubscriberRequest, requestId = 21535
10:35:22.247 [main] INFO  c.a.a.RecruitmentAdminApplication - [logStarted,61] - Started RecruitmentAdminApplication in 15.501 seconds (JVM running for 16.402)
10:35:22.255 [main] INFO  c.a.c.n.r.NacosContextRefresher - [registerNacosListener,129] - [Nacos Config] Listening config: dataId=recruitment-admin.yml, group=DEFAULT_GROUP
10:35:22.256 [main] INFO  c.a.c.n.r.NacosContextRefresher - [registerNacosListener,129] - [Nacos Config] Listening config: dataId=recruitment-admin, group=DEFAULT_GROUP
10:35:22.781 [RMI TCP Connection(3)-192.168.159.1] INFO  o.a.c.c.C.[.[.[/] - [log,173] - Initializing Spring DispatcherServlet 'dispatcherServlet'
