16:40:56.832 [main] INFO  c.a.n.c.r.client - [lambda$createClient$0,80] - [RpcClientFactory] create a new rpc client of 413e0fb8-678f-4cc2-a86b-fc68b01518a0_config-0
16:40:56.883 [main] INFO  o.r.Reflections - [scan,232] - Reflections took 24 ms to scan 1 urls, producing 3 keys and 6 values 
16:40:56.902 [main] INFO  o.r.Reflections - [scan,232] - Reflections took 9 ms to scan 1 urls, producing 4 keys and 9 values 
16:40:56.912 [main] INFO  o.r.Reflections - [scan,232] - Reflections took 8 ms to scan 1 urls, producing 3 keys and 10 values 
16:40:56.921 [main] INFO  o.r.Reflections - [scan,232] - Reflections took 8 ms to scan 1 urls, producing 1 keys and 5 values 
16:40:56.930 [main] INFO  o.r.Reflections - [scan,232] - Reflections took 8 ms to scan 1 urls, producing 1 keys and 7 values 
16:40:56.941 [main] INFO  o.r.Reflections - [scan,232] - Reflections took 7 ms to scan 1 urls, producing 2 keys and 8 values 
16:40:56.947 [main] INFO  c.a.n.c.r.client - [printIfInfoEnabled,60] - [413e0fb8-678f-4cc2-a86b-fc68b01518a0_config-0] RpcClient init label, labels = {module=config, Vipserver-Tag=null, source=sdk, Amory-Tag=null, Location-Tag=null, taskId=0, AppName=unknown}
16:40:56.947 [main] INFO  c.a.n.c.r.client - [printIfInfoEnabled,60] - [413e0fb8-678f-4cc2-a86b-fc68b01518a0_config-0] Register server push request handler:com.alibaba.nacos.client.config.impl.ClientWorker$ConfigRpcTransportClient$$Lambda$449/0x0000000800f06b60
16:40:56.947 [main] INFO  c.a.n.c.r.client - [printIfInfoEnabled,60] - [413e0fb8-678f-4cc2-a86b-fc68b01518a0_config-0] Register server push request handler:com.alibaba.nacos.client.config.impl.ClientWorker$ConfigRpcTransportClient$$Lambda$450/0x0000000800f06d80
16:40:56.948 [main] INFO  c.a.n.c.r.client - [printIfInfoEnabled,60] - [413e0fb8-678f-4cc2-a86b-fc68b01518a0_config-0] Registry connection listener to current client:com.alibaba.nacos.client.config.impl.ClientWorker$ConfigRpcTransportClient$1
16:40:56.948 [main] INFO  c.a.n.c.r.client - [printIfInfoEnabled,60] - [413e0fb8-678f-4cc2-a86b-fc68b01518a0_config-0] RpcClient init, ServerListFactory = com.alibaba.nacos.client.config.impl.ClientWorker$ConfigRpcTransportClient$2
16:40:56.953 [main] INFO  c.a.n.c.r.client - [printIfInfoEnabled,60] - [413e0fb8-678f-4cc2-a86b-fc68b01518a0_config-0] Try to connect to server on start up, server: {serverIp = 'ahong.ltd', server main port = 8848}
16:40:58.046 [main] INFO  c.a.n.c.r.client - [printIfInfoEnabled,60] - [413e0fb8-678f-4cc2-a86b-fc68b01518a0_config-0] Success to connect to server [ahong.ltd:8848] on start up, connectionId = 1680943259091_117.187.228.105_12313
16:40:58.047 [com.alibaba.nacos.client.remote.worker] INFO  c.a.n.c.r.client - [printIfInfoEnabled,60] - [413e0fb8-678f-4cc2-a86b-fc68b01518a0_config-0] Notify connected event to listeners.
16:40:58.047 [main] INFO  c.a.n.c.r.client - [printIfInfoEnabled,60] - [413e0fb8-678f-4cc2-a86b-fc68b01518a0_config-0] Register server push request handler:com.alibaba.nacos.common.remote.client.RpcClient$ConnectResetRequestHandler
16:40:58.048 [main] INFO  c.a.n.c.r.client - [printIfInfoEnabled,60] - [413e0fb8-678f-4cc2-a86b-fc68b01518a0_config-0] Register server push request handler:com.alibaba.nacos.common.remote.client.RpcClient$$Lambda$464/0x0000000801062dc8
16:40:58.192 [main] INFO  c.a.a.RecruitmentAdminApplication - [logStartupProfileInfo,634] - No active profile set, falling back to 1 default profile: "default"
16:40:59.575 [main] INFO  o.a.c.h.Http11NioProtocol - [log,173] - Initializing ProtocolHandler ["http-nio-8083"]
16:40:59.575 [main] INFO  o.a.c.c.StandardService - [log,173] - Starting service [Tomcat]
16:40:59.575 [main] INFO  o.a.c.c.StandardEngine - [log,173] - Starting Servlet engine: [Apache Tomcat/9.0.64]
16:40:59.666 [main] INFO  o.a.c.c.C.[.[.[/] - [log,173] - Initializing Spring embedded WebApplicationContext
16:40:59.754 [main] INFO  c.a.d.s.b.a.DruidDataSourceAutoConfigure - [dataSource,55] - Init DruidDataSource
16:41:01.903 [main] INFO  c.a.d.p.DruidDataSource - [init,972] - {dataSource-1} inited
16:41:02.537 [main] INFO  c.a.c.s.SentinelWebMvcConfigurer - [addInterceptors,52] - [Sentinel Starter] register SentinelWebInterceptor with urlPatterns: [/**].
16:41:05.858 [main] INFO  c.a.n.c.r.client - [lambda$createClient$0,80] - [RpcClientFactory] create a new rpc client of 3b020242-0e02-443a-9aaf-fcf7a9444dd5
16:41:05.858 [main] INFO  c.a.n.c.r.client - [printIfInfoEnabled,60] - [3b020242-0e02-443a-9aaf-fcf7a9444dd5] RpcClient init label, labels = {module=naming, source=sdk}
16:41:05.859 [main] INFO  c.a.n.c.r.client - [printIfInfoEnabled,60] - [3b020242-0e02-443a-9aaf-fcf7a9444dd5] RpcClient init, ServerListFactory = com.alibaba.nacos.client.naming.core.ServerListManager
16:41:05.859 [main] INFO  c.a.n.c.r.client - [printIfInfoEnabled,60] - [3b020242-0e02-443a-9aaf-fcf7a9444dd5] Registry connection listener to current client:com.alibaba.nacos.client.naming.remote.gprc.redo.NamingGrpcRedoService
16:41:05.860 [main] INFO  c.a.n.c.r.client - [printIfInfoEnabled,60] - [3b020242-0e02-443a-9aaf-fcf7a9444dd5] Register server push request handler:com.alibaba.nacos.client.naming.remote.gprc.NamingPushRequestHandler
16:41:05.860 [main] INFO  c.a.n.c.r.client - [printIfInfoEnabled,60] - [3b020242-0e02-443a-9aaf-fcf7a9444dd5] Try to connect to server on start up, server: {serverIp = 'ahong.ltd', server main port = 8848}
16:41:06.087 [main] INFO  c.a.n.c.r.client - [printIfInfoEnabled,60] - [3b020242-0e02-443a-9aaf-fcf7a9444dd5] Success to connect to server [ahong.ltd:8848] on start up, connectionId = 1680943267175_117.187.228.105_49865
16:41:06.087 [main] INFO  c.a.n.c.r.client - [printIfInfoEnabled,60] - [3b020242-0e02-443a-9aaf-fcf7a9444dd5] Register server push request handler:com.alibaba.nacos.common.remote.client.RpcClient$ConnectResetRequestHandler
16:41:06.087 [com.alibaba.nacos.client.remote.worker] INFO  c.a.n.c.r.client - [printIfInfoEnabled,60] - [3b020242-0e02-443a-9aaf-fcf7a9444dd5] Notify connected event to listeners.
16:41:06.087 [main] INFO  c.a.n.c.r.client - [printIfInfoEnabled,60] - [3b020242-0e02-443a-9aaf-fcf7a9444dd5] Register server push request handler:com.alibaba.nacos.common.remote.client.RpcClient$$Lambda$464/0x0000000801062dc8
16:41:06.144 [main] INFO  o.a.c.h.Http11NioProtocol - [log,173] - Starting ProtocolHandler ["http-nio-8083"]
16:41:06.196 [main] INFO  c.a.c.n.r.NacosServiceRegistry - [register,75] - nacos registry, DEFAULT_GROUP recruitment-admin 192.168.198.1:8083 register finished
16:41:06.680 [nacos-grpc-client-executor-6] INFO  c.a.n.c.r.client - [printIfInfoEnabled,60] - [3b020242-0e02-443a-9aaf-fcf7a9444dd5] Receive server push request, request = NotifySubscriberRequest, requestId = 368
16:41:06.683 [nacos-grpc-client-executor-6] INFO  c.a.n.c.r.client - [printIfInfoEnabled,60] - [3b020242-0e02-443a-9aaf-fcf7a9444dd5] Ack server push request, request = NotifySubscriberRequest, requestId = 368
16:41:07.500 [main] INFO  c.a.a.RecruitmentAdminApplication - [logStarted,61] - Started RecruitmentAdminApplication in 13.897 seconds (JVM running for 14.748)
16:41:07.508 [main] INFO  c.a.c.n.r.NacosContextRefresher - [registerNacosListener,129] - [Nacos Config] Listening config: dataId=recruitment-admin.yml, group=DEFAULT_GROUP
16:41:07.508 [main] INFO  c.a.c.n.r.NacosContextRefresher - [registerNacosListener,129] - [Nacos Config] Listening config: dataId=recruitment-admin, group=DEFAULT_GROUP
16:41:07.757 [RMI TCP Connection(7)-192.168.159.1] INFO  o.a.c.c.C.[.[.[/] - [log,173] - Initializing Spring DispatcherServlet 'dispatcherServlet'
17:11:35.991 [SpringApplicationShutdownHook] INFO  c.a.c.n.r.NacosServiceRegistry - [deregister,94] - De-registering from Nacos Server now...
17:11:36.030 [SpringApplicationShutdownHook] INFO  c.a.c.n.r.NacosServiceRegistry - [deregister,114] - De-registration finished.
17:11:36.361 [SpringApplicationShutdownHook] INFO  c.a.n.c.r.client - [shutdown,454] - Shutdown rpc client, set status to shutdown
17:11:36.362 [SpringApplicationShutdownHook] INFO  c.a.n.c.r.client - [shutdown,456] - Shutdown client event executor java.util.concurrent.ScheduledThreadPoolExecutor@53ef2cef[Running, pool size = 2, active threads = 2, queued tasks = 0, completed tasks = 0]
17:11:36.362 [SpringApplicationShutdownHook] INFO  c.a.n.c.r.client - [closeConnection,591] - Close current connection 1680943267175_117.187.228.105_49865
17:11:36.364 [SpringApplicationShutdownHook] INFO  c.a.n.c.r.c.g.GrpcClient - [shutdown,85] - Shutdown grpc executor java.util.concurrent.ThreadPoolExecutor@496bf770[Running, pool size = 4, active threads = 0, queued tasks = 0, completed tasks = 380]
17:11:36.488 [SpringApplicationShutdownHook] INFO  c.a.d.p.DruidDataSource - [close,2051] - {dataSource-1} closing ...
17:11:36.489 [SpringApplicationShutdownHook] INFO  c.a.d.p.DruidDataSource - [close,2124] - {dataSource-1} closed
17:11:46.055 [main] INFO  c.a.n.c.r.client - [lambda$createClient$0,80] - [RpcClientFactory] create a new rpc client of beed42b5-93e3-4907-8072-f534e0a696ff_config-0
17:11:46.105 [main] INFO  o.r.Reflections - [scan,232] - Reflections took 25 ms to scan 1 urls, producing 3 keys and 6 values 
17:11:46.125 [main] INFO  o.r.Reflections - [scan,232] - Reflections took 9 ms to scan 1 urls, producing 4 keys and 9 values 
17:11:46.135 [main] INFO  o.r.Reflections - [scan,232] - Reflections took 8 ms to scan 1 urls, producing 3 keys and 10 values 
17:11:46.145 [main] INFO  o.r.Reflections - [scan,232] - Reflections took 8 ms to scan 1 urls, producing 1 keys and 5 values 
17:11:46.155 [main] INFO  o.r.Reflections - [scan,232] - Reflections took 8 ms to scan 1 urls, producing 1 keys and 7 values 
17:11:46.165 [main] INFO  o.r.Reflections - [scan,232] - Reflections took 8 ms to scan 1 urls, producing 2 keys and 8 values 
17:11:46.167 [main] INFO  c.a.n.c.r.client - [printIfInfoEnabled,60] - [beed42b5-93e3-4907-8072-f534e0a696ff_config-0] RpcClient init label, labels = {module=config, Vipserver-Tag=null, source=sdk, Amory-Tag=null, Location-Tag=null, taskId=0, AppName=unknown}
17:11:46.167 [main] INFO  c.a.n.c.r.client - [printIfInfoEnabled,60] - [beed42b5-93e3-4907-8072-f534e0a696ff_config-0] Register server push request handler:com.alibaba.nacos.client.config.impl.ClientWorker$ConfigRpcTransportClient$$Lambda$449/0x0000000800f06ff8
17:11:46.168 [main] INFO  c.a.n.c.r.client - [printIfInfoEnabled,60] - [beed42b5-93e3-4907-8072-f534e0a696ff_config-0] Register server push request handler:com.alibaba.nacos.client.config.impl.ClientWorker$ConfigRpcTransportClient$$Lambda$450/0x0000000800f07218
17:11:46.168 [main] INFO  c.a.n.c.r.client - [printIfInfoEnabled,60] - [beed42b5-93e3-4907-8072-f534e0a696ff_config-0] Registry connection listener to current client:com.alibaba.nacos.client.config.impl.ClientWorker$ConfigRpcTransportClient$1
17:11:46.168 [main] INFO  c.a.n.c.r.client - [printIfInfoEnabled,60] - [beed42b5-93e3-4907-8072-f534e0a696ff_config-0] RpcClient init, ServerListFactory = com.alibaba.nacos.client.config.impl.ClientWorker$ConfigRpcTransportClient$2
17:11:46.178 [main] INFO  c.a.n.c.r.client - [printIfInfoEnabled,60] - [beed42b5-93e3-4907-8072-f534e0a696ff_config-0] Try to connect to server on start up, server: {serverIp = 'ahong.ltd', server main port = 8848}
17:11:49.720 [main] INFO  c.a.n.c.r.client - [printIfInfoEnabled,60] - [beed42b5-93e3-4907-8072-f534e0a696ff_config-0] Try to connect to server on start up, server: {serverIp = 'ahong.ltd', server main port = 8848}
17:11:50.308 [main] INFO  c.a.n.c.r.client - [printIfInfoEnabled,60] - [beed42b5-93e3-4907-8072-f534e0a696ff_config-0] Success to connect to server [ahong.ltd:8848] on start up, connectionId = 1680945111360_117.187.228.105_11977
17:11:50.308 [com.alibaba.nacos.client.remote.worker] INFO  c.a.n.c.r.client - [printIfInfoEnabled,60] - [beed42b5-93e3-4907-8072-f534e0a696ff_config-0] Notify connected event to listeners.
17:11:50.308 [main] INFO  c.a.n.c.r.client - [printIfInfoEnabled,60] - [beed42b5-93e3-4907-8072-f534e0a696ff_config-0] Register server push request handler:com.alibaba.nacos.common.remote.client.RpcClient$ConnectResetRequestHandler
17:11:50.309 [main] INFO  c.a.n.c.r.client - [printIfInfoEnabled,60] - [beed42b5-93e3-4907-8072-f534e0a696ff_config-0] Register server push request handler:com.alibaba.nacos.common.remote.client.RpcClient$$Lambda$464/0x0000000801062198
17:11:50.450 [main] INFO  c.a.a.RecruitmentAdminApplication - [logStartupProfileInfo,634] - No active profile set, falling back to 1 default profile: "default"
17:11:51.776 [main] INFO  o.a.c.h.Http11NioProtocol - [log,173] - Initializing ProtocolHandler ["http-nio-8083"]
17:11:51.777 [main] INFO  o.a.c.c.StandardService - [log,173] - Starting service [Tomcat]
17:11:51.777 [main] INFO  o.a.c.c.StandardEngine - [log,173] - Starting Servlet engine: [Apache Tomcat/9.0.64]
17:11:51.874 [main] INFO  o.a.c.c.C.[.[.[/] - [log,173] - Initializing Spring embedded WebApplicationContext
17:11:51.966 [main] INFO  c.a.d.s.b.a.DruidDataSourceAutoConfigure - [dataSource,55] - Init DruidDataSource
17:11:53.961 [main] INFO  c.a.d.p.DruidDataSource - [init,972] - {dataSource-1} inited
17:11:54.455 [main] INFO  c.a.c.s.SentinelWebMvcConfigurer - [addInterceptors,52] - [Sentinel Starter] register SentinelWebInterceptor with urlPatterns: [/**].
17:11:57.834 [main] INFO  c.a.n.c.r.client - [lambda$createClient$0,80] - [RpcClientFactory] create a new rpc client of 79fa162c-fe37-411c-aed6-a489d0920640
17:11:57.834 [main] INFO  c.a.n.c.r.client - [printIfInfoEnabled,60] - [79fa162c-fe37-411c-aed6-a489d0920640] RpcClient init label, labels = {module=naming, source=sdk}
17:11:57.836 [main] INFO  c.a.n.c.r.client - [printIfInfoEnabled,60] - [79fa162c-fe37-411c-aed6-a489d0920640] RpcClient init, ServerListFactory = com.alibaba.nacos.client.naming.core.ServerListManager
17:11:57.836 [main] INFO  c.a.n.c.r.client - [printIfInfoEnabled,60] - [79fa162c-fe37-411c-aed6-a489d0920640] Registry connection listener to current client:com.alibaba.nacos.client.naming.remote.gprc.redo.NamingGrpcRedoService
17:11:57.836 [main] INFO  c.a.n.c.r.client - [printIfInfoEnabled,60] - [79fa162c-fe37-411c-aed6-a489d0920640] Register server push request handler:com.alibaba.nacos.client.naming.remote.gprc.NamingPushRequestHandler
17:11:57.836 [main] INFO  c.a.n.c.r.client - [printIfInfoEnabled,60] - [79fa162c-fe37-411c-aed6-a489d0920640] Try to connect to server on start up, server: {serverIp = 'ahong.ltd', server main port = 8848}
17:11:58.065 [main] INFO  c.a.n.c.r.client - [printIfInfoEnabled,60] - [79fa162c-fe37-411c-aed6-a489d0920640] Success to connect to server [ahong.ltd:8848] on start up, connectionId = 1680945119162_117.187.228.105_50473
17:11:58.065 [main] INFO  c.a.n.c.r.client - [printIfInfoEnabled,60] - [79fa162c-fe37-411c-aed6-a489d0920640] Register server push request handler:com.alibaba.nacos.common.remote.client.RpcClient$ConnectResetRequestHandler
17:11:58.065 [main] INFO  c.a.n.c.r.client - [printIfInfoEnabled,60] - [79fa162c-fe37-411c-aed6-a489d0920640] Register server push request handler:com.alibaba.nacos.common.remote.client.RpcClient$$Lambda$464/0x0000000801062198
17:11:58.065 [com.alibaba.nacos.client.remote.worker] INFO  c.a.n.c.r.client - [printIfInfoEnabled,60] - [79fa162c-fe37-411c-aed6-a489d0920640] Notify connected event to listeners.
17:11:58.123 [main] INFO  o.a.c.h.Http11NioProtocol - [log,173] - Starting ProtocolHandler ["http-nio-8083"]
17:11:58.178 [main] INFO  c.a.c.n.r.NacosServiceRegistry - [register,75] - nacos registry, DEFAULT_GROUP recruitment-admin 192.168.198.1:8083 register finished
17:11:58.704 [nacos-grpc-client-executor-6] INFO  c.a.n.c.r.client - [printIfInfoEnabled,60] - [79fa162c-fe37-411c-aed6-a489d0920640] Receive server push request, request = NotifySubscriberRequest, requestId = 376
17:11:58.708 [nacos-grpc-client-executor-6] INFO  c.a.n.c.r.client - [printIfInfoEnabled,60] - [79fa162c-fe37-411c-aed6-a489d0920640] Ack server push request, request = NotifySubscriberRequest, requestId = 376
17:11:59.483 [main] INFO  c.a.a.RecruitmentAdminApplication - [logStarted,61] - Started RecruitmentAdminApplication in 16.663 seconds (JVM running for 17.404)
17:11:59.492 [main] INFO  c.a.c.n.r.NacosContextRefresher - [registerNacosListener,129] - [Nacos Config] Listening config: dataId=recruitment-admin.yml, group=DEFAULT_GROUP
17:11:59.492 [main] INFO  c.a.c.n.r.NacosContextRefresher - [registerNacosListener,129] - [Nacos Config] Listening config: dataId=recruitment-admin, group=DEFAULT_GROUP
17:11:59.966 [RMI TCP Connection(2)-192.168.159.1] INFO  o.a.c.c.C.[.[.[/] - [log,173] - Initializing Spring DispatcherServlet 'dispatcherServlet'
17:24:02.967 [SpringApplicationShutdownHook] INFO  c.a.c.n.r.NacosServiceRegistry - [deregister,94] - De-registering from Nacos Server now...
17:24:03.009 [SpringApplicationShutdownHook] INFO  c.a.c.n.r.NacosServiceRegistry - [deregister,114] - De-registration finished.
17:24:03.335 [SpringApplicationShutdownHook] INFO  c.a.n.c.r.client - [shutdown,454] - Shutdown rpc client, set status to shutdown
17:24:03.335 [SpringApplicationShutdownHook] INFO  c.a.n.c.r.client - [shutdown,456] - Shutdown client event executor java.util.concurrent.ScheduledThreadPoolExecutor@54d11e62[Running, pool size = 2, active threads = 2, queued tasks = 0, completed tasks = 0]
17:24:03.335 [SpringApplicationShutdownHook] INFO  c.a.n.c.r.client - [closeConnection,591] - Close current connection 1680945119162_117.187.228.105_50473
17:24:03.337 [SpringApplicationShutdownHook] INFO  c.a.n.c.r.c.g.GrpcClient - [shutdown,85] - Shutdown grpc executor java.util.concurrent.ThreadPoolExecutor@7182c31b[Running, pool size = 5, active threads = 0, queued tasks = 0, completed tasks = 157]
17:24:03.462 [SpringApplicationShutdownHook] INFO  c.a.d.p.DruidDataSource - [close,2051] - {dataSource-1} closing ...
17:24:03.468 [SpringApplicationShutdownHook] INFO  c.a.d.p.DruidDataSource - [close,2124] - {dataSource-1} closed
17:25:52.695 [main] INFO  c.a.n.c.r.client - [lambda$createClient$0,80] - [RpcClientFactory] create a new rpc client of 41b74c0e-88db-4a9d-af2b-7da925e0c80e_config-0
17:25:52.746 [main] INFO  o.r.Reflections - [scan,232] - Reflections took 22 ms to scan 1 urls, producing 3 keys and 6 values 
17:25:52.766 [main] INFO  o.r.Reflections - [scan,232] - Reflections took 9 ms to scan 1 urls, producing 4 keys and 9 values 
17:25:52.776 [main] INFO  o.r.Reflections - [scan,232] - Reflections took 9 ms to scan 1 urls, producing 3 keys and 10 values 
17:25:52.786 [main] INFO  o.r.Reflections - [scan,232] - Reflections took 7 ms to scan 1 urls, producing 1 keys and 5 values 
17:25:52.799 [main] INFO  o.r.Reflections - [scan,232] - Reflections took 12 ms to scan 1 urls, producing 1 keys and 7 values 
17:25:52.812 [main] INFO  o.r.Reflections - [scan,232] - Reflections took 12 ms to scan 1 urls, producing 2 keys and 8 values 
17:25:52.816 [main] INFO  c.a.n.c.r.client - [printIfInfoEnabled,60] - [41b74c0e-88db-4a9d-af2b-7da925e0c80e_config-0] RpcClient init label, labels = {module=config, Vipserver-Tag=null, source=sdk, Amory-Tag=null, Location-Tag=null, taskId=0, AppName=unknown}
17:25:52.816 [main] INFO  c.a.n.c.r.client - [printIfInfoEnabled,60] - [41b74c0e-88db-4a9d-af2b-7da925e0c80e_config-0] Register server push request handler:com.alibaba.nacos.client.config.impl.ClientWorker$ConfigRpcTransportClient$$Lambda$449/0x0000000800f06ff8
17:25:52.816 [main] INFO  c.a.n.c.r.client - [printIfInfoEnabled,60] - [41b74c0e-88db-4a9d-af2b-7da925e0c80e_config-0] Register server push request handler:com.alibaba.nacos.client.config.impl.ClientWorker$ConfigRpcTransportClient$$Lambda$450/0x0000000800f07218
17:25:52.817 [main] INFO  c.a.n.c.r.client - [printIfInfoEnabled,60] - [41b74c0e-88db-4a9d-af2b-7da925e0c80e_config-0] Registry connection listener to current client:com.alibaba.nacos.client.config.impl.ClientWorker$ConfigRpcTransportClient$1
17:25:52.817 [main] INFO  c.a.n.c.r.client - [printIfInfoEnabled,60] - [41b74c0e-88db-4a9d-af2b-7da925e0c80e_config-0] RpcClient init, ServerListFactory = com.alibaba.nacos.client.config.impl.ClientWorker$ConfigRpcTransportClient$2
17:25:52.822 [main] INFO  c.a.n.c.r.client - [printIfInfoEnabled,60] - [41b74c0e-88db-4a9d-af2b-7da925e0c80e_config-0] Try to connect to server on start up, server: {serverIp = 'ahong.ltd', server main port = 8848}
17:25:53.892 [main] INFO  c.a.n.c.r.client - [printIfInfoEnabled,60] - [41b74c0e-88db-4a9d-af2b-7da925e0c80e_config-0] Success to connect to server [ahong.ltd:8848] on start up, connectionId = 1680945954950_117.187.228.105_53001
17:25:53.893 [com.alibaba.nacos.client.remote.worker] INFO  c.a.n.c.r.client - [printIfInfoEnabled,60] - [41b74c0e-88db-4a9d-af2b-7da925e0c80e_config-0] Notify connected event to listeners.
17:25:53.893 [main] INFO  c.a.n.c.r.client - [printIfInfoEnabled,60] - [41b74c0e-88db-4a9d-af2b-7da925e0c80e_config-0] Register server push request handler:com.alibaba.nacos.common.remote.client.RpcClient$ConnectResetRequestHandler
17:25:53.893 [main] INFO  c.a.n.c.r.client - [printIfInfoEnabled,60] - [41b74c0e-88db-4a9d-af2b-7da925e0c80e_config-0] Register server push request handler:com.alibaba.nacos.common.remote.client.RpcClient$$Lambda$464/0x000000080105f808
17:25:54.032 [main] INFO  c.a.a.RecruitmentAdminApplication - [logStartupProfileInfo,634] - No active profile set, falling back to 1 default profile: "default"
17:25:55.333 [main] INFO  o.a.c.h.Http11NioProtocol - [log,173] - Initializing ProtocolHandler ["http-nio-8083"]
17:25:55.333 [main] INFO  o.a.c.c.StandardService - [log,173] - Starting service [Tomcat]
17:25:55.333 [main] INFO  o.a.c.c.StandardEngine - [log,173] - Starting Servlet engine: [Apache Tomcat/9.0.64]
17:25:55.425 [main] INFO  o.a.c.c.C.[.[.[/] - [log,173] - Initializing Spring embedded WebApplicationContext
17:25:55.515 [main] INFO  c.a.d.s.b.a.DruidDataSourceAutoConfigure - [dataSource,55] - Init DruidDataSource
17:25:57.635 [main] INFO  c.a.d.p.DruidDataSource - [init,972] - {dataSource-1} inited
17:25:58.124 [main] INFO  c.a.c.s.SentinelWebMvcConfigurer - [addInterceptors,52] - [Sentinel Starter] register SentinelWebInterceptor with urlPatterns: [/**].
17:26:01.556 [main] INFO  c.a.n.c.r.client - [lambda$createClient$0,80] - [RpcClientFactory] create a new rpc client of f3d50f5f-1360-47bc-9db2-36a073604d66
17:26:01.556 [main] INFO  c.a.n.c.r.client - [printIfInfoEnabled,60] - [f3d50f5f-1360-47bc-9db2-36a073604d66] RpcClient init label, labels = {module=naming, source=sdk}
17:26:01.557 [main] INFO  c.a.n.c.r.client - [printIfInfoEnabled,60] - [f3d50f5f-1360-47bc-9db2-36a073604d66] RpcClient init, ServerListFactory = com.alibaba.nacos.client.naming.core.ServerListManager
17:26:01.557 [main] INFO  c.a.n.c.r.client - [printIfInfoEnabled,60] - [f3d50f5f-1360-47bc-9db2-36a073604d66] Registry connection listener to current client:com.alibaba.nacos.client.naming.remote.gprc.redo.NamingGrpcRedoService
17:26:01.558 [main] INFO  c.a.n.c.r.client - [printIfInfoEnabled,60] - [f3d50f5f-1360-47bc-9db2-36a073604d66] Register server push request handler:com.alibaba.nacos.client.naming.remote.gprc.NamingPushRequestHandler
17:26:01.558 [main] INFO  c.a.n.c.r.client - [printIfInfoEnabled,60] - [f3d50f5f-1360-47bc-9db2-36a073604d66] Try to connect to server on start up, server: {serverIp = 'ahong.ltd', server main port = 8848}
17:26:01.782 [main] INFO  c.a.n.c.r.client - [printIfInfoEnabled,60] - [f3d50f5f-1360-47bc-9db2-36a073604d66] Success to connect to server [ahong.ltd:8848] on start up, connectionId = 1680945962883_117.187.228.105_25721
17:26:01.782 [main] INFO  c.a.n.c.r.client - [printIfInfoEnabled,60] - [f3d50f5f-1360-47bc-9db2-36a073604d66] Register server push request handler:com.alibaba.nacos.common.remote.client.RpcClient$ConnectResetRequestHandler
17:26:01.782 [com.alibaba.nacos.client.remote.worker] INFO  c.a.n.c.r.client - [printIfInfoEnabled,60] - [f3d50f5f-1360-47bc-9db2-36a073604d66] Notify connected event to listeners.
17:26:01.782 [main] INFO  c.a.n.c.r.client - [printIfInfoEnabled,60] - [f3d50f5f-1360-47bc-9db2-36a073604d66] Register server push request handler:com.alibaba.nacos.common.remote.client.RpcClient$$Lambda$464/0x000000080105f808
17:26:01.844 [main] INFO  o.a.c.h.Http11NioProtocol - [log,173] - Starting ProtocolHandler ["http-nio-8083"]
17:26:01.899 [main] INFO  c.a.c.n.r.NacosServiceRegistry - [register,75] - nacos registry, DEFAULT_GROUP recruitment-admin 192.168.198.1:8083 register finished
17:26:02.394 [nacos-grpc-client-executor-6] INFO  c.a.n.c.r.client - [printIfInfoEnabled,60] - [f3d50f5f-1360-47bc-9db2-36a073604d66] Receive server push request, request = NotifySubscriberRequest, requestId = 392
17:26:02.397 [nacos-grpc-client-executor-6] INFO  c.a.n.c.r.client - [printIfInfoEnabled,60] - [f3d50f5f-1360-47bc-9db2-36a073604d66] Ack server push request, request = NotifySubscriberRequest, requestId = 392
17:26:03.230 [main] INFO  c.a.a.RecruitmentAdminApplication - [logStarted,61] - Started RecruitmentAdminApplication in 13.815 seconds (JVM running for 14.587)
17:26:03.238 [main] INFO  c.a.c.n.r.NacosContextRefresher - [registerNacosListener,129] - [Nacos Config] Listening config: dataId=recruitment-admin.yml, group=DEFAULT_GROUP
17:26:03.238 [main] INFO  c.a.c.n.r.NacosContextRefresher - [registerNacosListener,129] - [Nacos Config] Listening config: dataId=recruitment-admin, group=DEFAULT_GROUP
17:26:03.642 [RMI TCP Connection(5)-192.168.159.1] INFO  o.a.c.c.C.[.[.[/] - [log,173] - Initializing Spring DispatcherServlet 'dispatcherServlet'
20:49:31.958 [SpringApplicationShutdownHook] INFO  c.a.c.n.r.NacosServiceRegistry - [deregister,94] - De-registering from Nacos Server now...
20:49:31.998 [SpringApplicationShutdownHook] INFO  c.a.c.n.r.NacosServiceRegistry - [deregister,114] - De-registration finished.
20:49:32.333 [SpringApplicationShutdownHook] INFO  c.a.n.c.r.client - [shutdown,454] - Shutdown rpc client, set status to shutdown
20:49:32.333 [SpringApplicationShutdownHook] INFO  c.a.n.c.r.client - [shutdown,456] - Shutdown client event executor java.util.concurrent.ScheduledThreadPoolExecutor@6a90afc3[Running, pool size = 2, active threads = 2, queued tasks = 0, completed tasks = 0]
20:49:32.333 [SpringApplicationShutdownHook] INFO  c.a.n.c.r.client - [closeConnection,591] - Close current connection 1680945962883_117.187.228.105_25721
20:49:32.336 [SpringApplicationShutdownHook] INFO  c.a.n.c.r.c.g.GrpcClient - [shutdown,85] - Shutdown grpc executor java.util.concurrent.ThreadPoolExecutor@7cb0ad77[Running, pool size = 4, active threads = 0, queued tasks = 0, completed tasks = 2456]
20:49:32.459 [SpringApplicationShutdownHook] INFO  c.a.d.p.DruidDataSource - [close,2051] - {dataSource-1} closing ...
20:49:32.460 [SpringApplicationShutdownHook] INFO  c.a.d.p.DruidDataSource - [close,2124] - {dataSource-1} closed
