10:31:13.107 [main] INFO  c.a.n.c.r.client - [lambda$createClient$0,80] - [RpcClientFactory] create a new rpc client of 8f400a0e-33bf-45b1-95ef-45752e899109_config-0
10:31:13.184 [main] INFO  o.r.Reflections - [scan,232] - Reflections took 34 ms to scan 1 urls, producing 3 keys and 6 values 
10:31:13.215 [main] INFO  o.r.Reflections - [scan,232] - Reflections took 16 ms to scan 1 urls, producing 4 keys and 9 values 
10:31:13.229 [main] INFO  o.r.Reflections - [scan,232] - Reflections took 12 ms to scan 1 urls, producing 3 keys and 10 values 
10:31:13.245 [main] INFO  o.r.Reflections - [scan,232] - Reflections took 12 ms to scan 1 urls, producing 1 keys and 5 values 
10:31:13.259 [main] INFO  o.r.Reflections - [scan,232] - Reflections took 12 ms to scan 1 urls, producing 1 keys and 7 values 
10:31:13.275 [main] INFO  o.r.Reflections - [scan,232] - Reflections took 13 ms to scan 1 urls, producing 2 keys and 8 values 
10:31:13.279 [main] INFO  c.a.n.c.r.client - [printIfInfoEnabled,60] - [8f400a0e-33bf-45b1-95ef-45752e899109_config-0] RpcClient init label, labels = {module=config, Vipserver-Tag=null, source=sdk, Amory-Tag=null, Location-Tag=null, taskId=0, AppName=unknown}
10:31:13.279 [main] INFO  c.a.n.c.r.client - [printIfInfoEnabled,60] - [8f400a0e-33bf-45b1-95ef-45752e899109_config-0] Register server push request handler:com.alibaba.nacos.client.config.impl.ClientWorker$ConfigRpcTransportClient$$Lambda$449/0x0000000800f05a58
10:31:13.280 [main] INFO  c.a.n.c.r.client - [printIfInfoEnabled,60] - [8f400a0e-33bf-45b1-95ef-45752e899109_config-0] Register server push request handler:com.alibaba.nacos.client.config.impl.ClientWorker$ConfigRpcTransportClient$$Lambda$450/0x0000000800f05c78
10:31:13.281 [main] INFO  c.a.n.c.r.client - [printIfInfoEnabled,60] - [8f400a0e-33bf-45b1-95ef-45752e899109_config-0] Registry connection listener to current client:com.alibaba.nacos.client.config.impl.ClientWorker$ConfigRpcTransportClient$1
10:31:13.281 [main] INFO  c.a.n.c.r.client - [printIfInfoEnabled,60] - [8f400a0e-33bf-45b1-95ef-45752e899109_config-0] RpcClient init, ServerListFactory = com.alibaba.nacos.client.config.impl.ClientWorker$ConfigRpcTransportClient$2
10:31:13.290 [main] INFO  c.a.n.c.r.client - [printIfInfoEnabled,60] - [8f400a0e-33bf-45b1-95ef-45752e899109_config-0] Try to connect to server on start up, server: {serverIp = 'ahong.ltd', server main port = 8848}
10:31:15.281 [main] INFO  c.a.n.c.r.client - [printIfInfoEnabled,60] - [8f400a0e-33bf-45b1-95ef-45752e899109_config-0] Success to connect to server [ahong.ltd:8848] on start up, connectionId = 1682303475985_117.187.228.105_8073
10:31:15.282 [com.alibaba.nacos.client.remote.worker] INFO  c.a.n.c.r.client - [printIfInfoEnabled,60] - [8f400a0e-33bf-45b1-95ef-45752e899109_config-0] Notify connected event to listeners.
10:31:15.282 [main] INFO  c.a.n.c.r.client - [printIfInfoEnabled,60] - [8f400a0e-33bf-45b1-95ef-45752e899109_config-0] Register server push request handler:com.alibaba.nacos.common.remote.client.RpcClient$ConnectResetRequestHandler
10:31:15.282 [main] INFO  c.a.n.c.r.client - [printIfInfoEnabled,60] - [8f400a0e-33bf-45b1-95ef-45752e899109_config-0] Register server push request handler:com.alibaba.nacos.common.remote.client.RpcClient$$Lambda$464/0x000000080105fb10
10:31:15.426 [main] INFO  c.a.a.RecruitmentAuthApplication - [logStartupProfileInfo,634] - No active profile set, falling back to 1 default profile: "default"
10:31:17.697 [main] INFO  o.a.c.h.Http11NioProtocol - [log,173] - Initializing ProtocolHandler ["http-nio-9101"]
10:31:17.697 [main] INFO  o.a.c.c.StandardService - [log,173] - Starting service [Tomcat]
10:31:17.697 [main] INFO  o.a.c.c.StandardEngine - [log,173] - Starting Servlet engine: [Apache Tomcat/9.0.64]
10:31:17.850 [main] INFO  o.a.c.c.C.[.[.[/] - [log,173] - Initializing Spring embedded WebApplicationContext
10:31:18.928 [main] INFO  c.a.c.s.SentinelWebMvcConfigurer - [addInterceptors,52] - [Sentinel Starter] register SentinelWebInterceptor with urlPatterns: [/**].
10:31:23.012 [main] INFO  c.a.n.c.r.client - [lambda$createClient$0,80] - [RpcClientFactory] create a new rpc client of 4bbaf2a7-821d-4ad7-8bd0-5439c08d663b
10:31:23.013 [main] INFO  c.a.n.c.r.client - [printIfInfoEnabled,60] - [4bbaf2a7-821d-4ad7-8bd0-5439c08d663b] RpcClient init label, labels = {module=naming, source=sdk}
10:31:23.014 [main] INFO  c.a.n.c.r.client - [printIfInfoEnabled,60] - [4bbaf2a7-821d-4ad7-8bd0-5439c08d663b] RpcClient init, ServerListFactory = com.alibaba.nacos.client.naming.core.ServerListManager
10:31:23.015 [main] INFO  c.a.n.c.r.client - [printIfInfoEnabled,60] - [4bbaf2a7-821d-4ad7-8bd0-5439c08d663b] Registry connection listener to current client:com.alibaba.nacos.client.naming.remote.gprc.redo.NamingGrpcRedoService
10:31:23.015 [main] INFO  c.a.n.c.r.client - [printIfInfoEnabled,60] - [4bbaf2a7-821d-4ad7-8bd0-5439c08d663b] Register server push request handler:com.alibaba.nacos.client.naming.remote.gprc.NamingPushRequestHandler
10:31:23.016 [main] INFO  c.a.n.c.r.client - [printIfInfoEnabled,60] - [4bbaf2a7-821d-4ad7-8bd0-5439c08d663b] Try to connect to server on start up, server: {serverIp = 'ahong.ltd', server main port = 8848}
10:31:23.253 [main] INFO  c.a.n.c.r.client - [printIfInfoEnabled,60] - [4bbaf2a7-821d-4ad7-8bd0-5439c08d663b] Success to connect to server [ahong.ltd:8848] on start up, connectionId = 1682303484026_117.187.228.105_35545
10:31:23.253 [main] INFO  c.a.n.c.r.client - [printIfInfoEnabled,60] - [4bbaf2a7-821d-4ad7-8bd0-5439c08d663b] Register server push request handler:com.alibaba.nacos.common.remote.client.RpcClient$ConnectResetRequestHandler
10:31:23.253 [com.alibaba.nacos.client.remote.worker] INFO  c.a.n.c.r.client - [printIfInfoEnabled,60] - [4bbaf2a7-821d-4ad7-8bd0-5439c08d663b] Notify connected event to listeners.
10:31:23.253 [main] INFO  c.a.n.c.r.client - [printIfInfoEnabled,60] - [4bbaf2a7-821d-4ad7-8bd0-5439c08d663b] Register server push request handler:com.alibaba.nacos.common.remote.client.RpcClient$$Lambda$464/0x000000080105fb10
10:31:23.323 [main] INFO  o.a.c.h.Http11NioProtocol - [log,173] - Starting ProtocolHandler ["http-nio-9101"]
10:31:23.385 [main] INFO  c.a.c.n.r.NacosServiceRegistry - [register,75] - nacos registry, DEFAULT_GROUP recruitment-auth 192.168.198.1:9101 register finished
10:31:23.886 [nacos-grpc-client-executor-7] INFO  c.a.n.c.r.client - [printIfInfoEnabled,60] - [4bbaf2a7-821d-4ad7-8bd0-5439c08d663b] Receive server push request, request = NotifySubscriberRequest, requestId = 21531
10:31:23.890 [nacos-grpc-client-executor-7] INFO  c.a.n.c.r.client - [printIfInfoEnabled,60] - [4bbaf2a7-821d-4ad7-8bd0-5439c08d663b] Ack server push request, request = NotifySubscriberRequest, requestId = 21531
10:31:25.123 [main] INFO  c.a.a.RecruitmentAuthApplication - [logStarted,61] - Started RecruitmentAuthApplication in 16.642 seconds (JVM running for 17.984)
10:31:25.133 [main] INFO  c.a.c.n.r.NacosContextRefresher - [registerNacosListener,129] - [Nacos Config] Listening config: dataId=recruitment-auth, group=DEFAULT_GROUP
10:31:25.135 [main] INFO  c.a.c.n.r.NacosContextRefresher - [registerNacosListener,129] - [Nacos Config] Listening config: dataId=recruitment-auth.yml, group=DEFAULT_GROUP
10:31:25.416 [RMI TCP Connection(2)-192.168.159.1] INFO  o.a.c.c.C.[.[.[/] - [log,173] - Initializing Spring DispatcherServlet 'dispatcherServlet'
