00:06:33.857 [nacos-grpc-client-executor-7681] INFO  c.a.n.c.r.client - [printIfInfoEnabled,60] - [f38e14c1-8f2d-404b-9af6-3747a358fb7f] Receive server push request, request = NotifySubscriberRequest, requestId = 471
00:06:34.048 [nacos-grpc-client-executor-7681] INFO  c.a.n.c.r.client - [printIfInfoEnabled,60] - [f38e14c1-8f2d-404b-9af6-3747a358fb7f] Ack server push request, request = NotifySubscriberRequest, requestId = 471
00:06:37.771 [SpringApplicationShutdownHook] INFO  c.a.c.n.r.NacosServiceRegistry - [deregister,94] - De-registering from Nacos Server now...
00:06:37.812 [SpringApplicationShutdownHook] INFO  c.a.c.n.r.NacosServiceRegistry - [deregister,114] - De-registration finished.
00:06:38.145 [SpringApplicationShutdownHook] INFO  c.a.n.c.r.client - [shutdown,454] - Shutdown rpc client, set status to shutdown
00:06:38.146 [SpringApplicationShutdownHook] INFO  c.a.n.c.r.client - [shutdown,456] - Shutdown client event executor java.util.concurrent.ScheduledThreadPoolExecutor@5c8e2321[Running, pool size = 2, active threads = 2, queued tasks = 0, completed tasks = 0]
00:06:38.146 [SpringApplicationShutdownHook] INFO  c.a.n.c.r.client - [closeConnection,591] - Close current connection 1681104533725_117.187.228.105_51129
00:06:38.150 [SpringApplicationShutdownHook] INFO  c.a.n.c.r.c.g.GrpcClient - [shutdown,85] - Shutdown grpc executor java.util.concurrent.ThreadPoolExecutor@3b8766ac[Running, pool size = 3, active threads = 0, queued tasks = 0, completed tasks = 7684]
07:59:23.161 [main] INFO  c.a.n.c.r.client - [lambda$createClient$0,80] - [RpcClientFactory] create a new rpc client of d31516b7-9ed1-42b7-bc74-0f3d30348b7f_config-0
07:59:23.209 [main] INFO  o.r.Reflections - [scan,232] - Reflections took 23 ms to scan 1 urls, producing 3 keys and 6 values 
07:59:23.230 [main] INFO  o.r.Reflections - [scan,232] - Reflections took 11 ms to scan 1 urls, producing 4 keys and 9 values 
07:59:23.239 [main] INFO  o.r.Reflections - [scan,232] - Reflections took 8 ms to scan 1 urls, producing 3 keys and 10 values 
07:59:23.249 [main] INFO  o.r.Reflections - [scan,232] - Reflections took 8 ms to scan 1 urls, producing 1 keys and 5 values 
07:59:23.259 [main] INFO  o.r.Reflections - [scan,232] - Reflections took 8 ms to scan 1 urls, producing 1 keys and 7 values 
07:59:23.268 [main] INFO  o.r.Reflections - [scan,232] - Reflections took 8 ms to scan 1 urls, producing 2 keys and 8 values 
07:59:23.274 [main] INFO  c.a.n.c.r.client - [printIfInfoEnabled,60] - [d31516b7-9ed1-42b7-bc74-0f3d30348b7f_config-0] RpcClient init label, labels = {module=config, Vipserver-Tag=null, source=sdk, Amory-Tag=null, Location-Tag=null, taskId=0, AppName=unknown}
07:59:23.274 [main] INFO  c.a.n.c.r.client - [printIfInfoEnabled,60] - [d31516b7-9ed1-42b7-bc74-0f3d30348b7f_config-0] Register server push request handler:com.alibaba.nacos.client.config.impl.ClientWorker$ConfigRpcTransportClient$$Lambda$449/0x0000000800f06918
07:59:23.274 [main] INFO  c.a.n.c.r.client - [printIfInfoEnabled,60] - [d31516b7-9ed1-42b7-bc74-0f3d30348b7f_config-0] Register server push request handler:com.alibaba.nacos.client.config.impl.ClientWorker$ConfigRpcTransportClient$$Lambda$450/0x0000000800f06b38
07:59:23.275 [main] INFO  c.a.n.c.r.client - [printIfInfoEnabled,60] - [d31516b7-9ed1-42b7-bc74-0f3d30348b7f_config-0] Registry connection listener to current client:com.alibaba.nacos.client.config.impl.ClientWorker$ConfigRpcTransportClient$1
07:59:23.275 [main] INFO  c.a.n.c.r.client - [printIfInfoEnabled,60] - [d31516b7-9ed1-42b7-bc74-0f3d30348b7f_config-0] RpcClient init, ServerListFactory = com.alibaba.nacos.client.config.impl.ClientWorker$ConfigRpcTransportClient$2
07:59:23.280 [main] INFO  c.a.n.c.r.client - [printIfInfoEnabled,60] - [d31516b7-9ed1-42b7-bc74-0f3d30348b7f_config-0] Try to connect to server on start up, server: {serverIp = 'ahong.ltd', server main port = 8848}
07:59:25.559 [main] INFO  c.a.n.c.r.client - [printIfInfoEnabled,60] - [d31516b7-9ed1-42b7-bc74-0f3d30348b7f_config-0] Success to connect to server [ahong.ltd:8848] on start up, connectionId = 1681171164900_117.187.228.105_5673
07:59:25.559 [com.alibaba.nacos.client.remote.worker] INFO  c.a.n.c.r.client - [printIfInfoEnabled,60] - [d31516b7-9ed1-42b7-bc74-0f3d30348b7f_config-0] Notify connected event to listeners.
07:59:25.559 [main] INFO  c.a.n.c.r.client - [printIfInfoEnabled,60] - [d31516b7-9ed1-42b7-bc74-0f3d30348b7f_config-0] Register server push request handler:com.alibaba.nacos.common.remote.client.RpcClient$ConnectResetRequestHandler
07:59:25.560 [main] INFO  c.a.n.c.r.client - [printIfInfoEnabled,60] - [d31516b7-9ed1-42b7-bc74-0f3d30348b7f_config-0] Register server push request handler:com.alibaba.nacos.common.remote.client.RpcClient$$Lambda$464/0x000000080105ef98
07:59:25.677 [main] INFO  c.a.a.RecruitmentAuthApplication - [logStartupProfileInfo,634] - No active profile set, falling back to 1 default profile: "default"
07:59:27.167 [main] INFO  o.a.c.h.Http11NioProtocol - [log,173] - Initializing ProtocolHandler ["http-nio-9101"]
07:59:27.168 [main] INFO  o.a.c.c.StandardService - [log,173] - Starting service [Tomcat]
07:59:27.168 [main] INFO  o.a.c.c.StandardEngine - [log,173] - Starting Servlet engine: [Apache Tomcat/9.0.64]
07:59:27.253 [main] INFO  o.a.c.c.C.[.[.[/] - [log,173] - Initializing Spring embedded WebApplicationContext
07:59:27.985 [main] INFO  c.a.c.s.SentinelWebMvcConfigurer - [addInterceptors,52] - [Sentinel Starter] register SentinelWebInterceptor with urlPatterns: [/**].
07:59:31.339 [main] INFO  c.a.n.c.r.client - [lambda$createClient$0,80] - [RpcClientFactory] create a new rpc client of 237b33ca-f1b8-4d86-ba78-9a69bed4e6f5
07:59:31.340 [main] INFO  c.a.n.c.r.client - [printIfInfoEnabled,60] - [237b33ca-f1b8-4d86-ba78-9a69bed4e6f5] RpcClient init label, labels = {module=naming, source=sdk}
07:59:31.342 [main] INFO  c.a.n.c.r.client - [printIfInfoEnabled,60] - [237b33ca-f1b8-4d86-ba78-9a69bed4e6f5] RpcClient init, ServerListFactory = com.alibaba.nacos.client.naming.core.ServerListManager
07:59:31.342 [main] INFO  c.a.n.c.r.client - [printIfInfoEnabled,60] - [237b33ca-f1b8-4d86-ba78-9a69bed4e6f5] Registry connection listener to current client:com.alibaba.nacos.client.naming.remote.gprc.redo.NamingGrpcRedoService
07:59:31.343 [main] INFO  c.a.n.c.r.client - [printIfInfoEnabled,60] - [237b33ca-f1b8-4d86-ba78-9a69bed4e6f5] Register server push request handler:com.alibaba.nacos.client.naming.remote.gprc.NamingPushRequestHandler
07:59:31.343 [main] INFO  c.a.n.c.r.client - [printIfInfoEnabled,60] - [237b33ca-f1b8-4d86-ba78-9a69bed4e6f5] Try to connect to server on start up, server: {serverIp = 'ahong.ltd', server main port = 8848}
07:59:31.584 [main] INFO  c.a.n.c.r.client - [printIfInfoEnabled,60] - [237b33ca-f1b8-4d86-ba78-9a69bed4e6f5] Success to connect to server [ahong.ltd:8848] on start up, connectionId = 1681171170951_117.187.228.105_14457
07:59:31.584 [main] INFO  c.a.n.c.r.client - [printIfInfoEnabled,60] - [237b33ca-f1b8-4d86-ba78-9a69bed4e6f5] Register server push request handler:com.alibaba.nacos.common.remote.client.RpcClient$ConnectResetRequestHandler
07:59:31.584 [com.alibaba.nacos.client.remote.worker] INFO  c.a.n.c.r.client - [printIfInfoEnabled,60] - [237b33ca-f1b8-4d86-ba78-9a69bed4e6f5] Notify connected event to listeners.
07:59:31.584 [main] INFO  c.a.n.c.r.client - [printIfInfoEnabled,60] - [237b33ca-f1b8-4d86-ba78-9a69bed4e6f5] Register server push request handler:com.alibaba.nacos.common.remote.client.RpcClient$$Lambda$464/0x000000080105ef98
07:59:31.642 [main] INFO  o.a.c.h.Http11NioProtocol - [log,173] - Starting ProtocolHandler ["http-nio-9101"]
07:59:31.699 [main] INFO  c.a.c.n.r.NacosServiceRegistry - [register,75] - nacos registry, DEFAULT_GROUP recruitment-auth 192.168.198.1:9101 register finished
07:59:32.220 [nacos-grpc-client-executor-5] INFO  c.a.n.c.r.client - [printIfInfoEnabled,60] - [237b33ca-f1b8-4d86-ba78-9a69bed4e6f5] Receive server push request, request = NotifySubscriberRequest, requestId = 477
07:59:32.223 [nacos-grpc-client-executor-5] INFO  c.a.n.c.r.client - [printIfInfoEnabled,60] - [237b33ca-f1b8-4d86-ba78-9a69bed4e6f5] Ack server push request, request = NotifySubscriberRequest, requestId = 477
07:59:33.151 [main] INFO  c.a.a.RecruitmentAuthApplication - [logStarted,61] - Started RecruitmentAuthApplication in 13.593 seconds (JVM running for 14.382)
07:59:33.159 [main] INFO  c.a.c.n.r.NacosContextRefresher - [registerNacosListener,129] - [Nacos Config] Listening config: dataId=recruitment-auth, group=DEFAULT_GROUP
07:59:33.161 [main] INFO  c.a.c.n.r.NacosContextRefresher - [registerNacosListener,129] - [Nacos Config] Listening config: dataId=recruitment-auth.yml, group=DEFAULT_GROUP
07:59:33.698 [RMI TCP Connection(1)-192.168.159.1] INFO  o.a.c.c.C.[.[.[/] - [log,173] - Initializing Spring DispatcherServlet 'dispatcherServlet'
08:02:04.713 [nacos-grpc-client-executor-40] INFO  c.a.n.c.r.client - [printIfInfoEnabled,60] - [237b33ca-f1b8-4d86-ba78-9a69bed4e6f5] Receive server push request, request = NotifySubscriberRequest, requestId = 485
08:02:04.713 [nacos-grpc-client-executor-40] INFO  c.a.n.c.r.client - [printIfInfoEnabled,60] - [237b33ca-f1b8-4d86-ba78-9a69bed4e6f5] Ack server push request, request = NotifySubscriberRequest, requestId = 485
12:11:54.288 [nacos-grpc-client-executor-3039] INFO  c.a.n.c.r.client - [printIfInfoEnabled,60] - [237b33ca-f1b8-4d86-ba78-9a69bed4e6f5] Receive server push request, request = NotifySubscriberRequest, requestId = 488
12:11:54.290 [nacos-grpc-client-executor-3039] INFO  c.a.n.c.r.client - [printIfInfoEnabled,60] - [237b33ca-f1b8-4d86-ba78-9a69bed4e6f5] Ack server push request, request = NotifySubscriberRequest, requestId = 488
12:11:54.869 [SpringApplicationShutdownHook] INFO  c.a.c.n.r.NacosServiceRegistry - [deregister,94] - De-registering from Nacos Server now...
12:11:54.912 [SpringApplicationShutdownHook] INFO  c.a.c.n.r.NacosServiceRegistry - [deregister,114] - De-registration finished.
12:11:55.236 [SpringApplicationShutdownHook] INFO  c.a.n.c.r.client - [shutdown,454] - Shutdown rpc client, set status to shutdown
12:11:55.236 [SpringApplicationShutdownHook] INFO  c.a.n.c.r.client - [shutdown,456] - Shutdown client event executor java.util.concurrent.ScheduledThreadPoolExecutor@6c39ca5c[Running, pool size = 2, active threads = 2, queued tasks = 0, completed tasks = 0]
12:11:55.236 [SpringApplicationShutdownHook] INFO  c.a.n.c.r.client - [closeConnection,591] - Close current connection 1681171170951_117.187.228.105_14457
12:11:55.239 [SpringApplicationShutdownHook] INFO  c.a.n.c.r.c.g.GrpcClient - [shutdown,85] - Shutdown grpc executor java.util.concurrent.ThreadPoolExecutor@38aae409[Running, pool size = 4, active threads = 0, queued tasks = 0, completed tasks = 3042]
17:20:39.088 [main] INFO  c.a.n.c.r.client - [lambda$createClient$0,80] - [RpcClientFactory] create a new rpc client of b3064ff0-01d6-4644-baa4-7077c5971116_config-0
17:20:39.165 [main] INFO  o.r.Reflections - [scan,232] - Reflections took 37 ms to scan 1 urls, producing 3 keys and 6 values 
17:20:39.196 [main] INFO  o.r.Reflections - [scan,232] - Reflections took 15 ms to scan 1 urls, producing 4 keys and 9 values 
17:20:39.210 [main] INFO  o.r.Reflections - [scan,232] - Reflections took 12 ms to scan 1 urls, producing 3 keys and 10 values 
17:20:39.226 [main] INFO  o.r.Reflections - [scan,232] - Reflections took 12 ms to scan 1 urls, producing 1 keys and 5 values 
17:20:39.241 [main] INFO  o.r.Reflections - [scan,232] - Reflections took 13 ms to scan 1 urls, producing 1 keys and 7 values 
17:20:39.258 [main] INFO  o.r.Reflections - [scan,232] - Reflections took 15 ms to scan 1 urls, producing 2 keys and 8 values 
17:20:39.262 [main] INFO  c.a.n.c.r.client - [printIfInfoEnabled,60] - [b3064ff0-01d6-4644-baa4-7077c5971116_config-0] RpcClient init label, labels = {module=config, Vipserver-Tag=null, source=sdk, Amory-Tag=null, Location-Tag=null, taskId=0, AppName=unknown}
17:20:39.262 [main] INFO  c.a.n.c.r.client - [printIfInfoEnabled,60] - [b3064ff0-01d6-4644-baa4-7077c5971116_config-0] Register server push request handler:com.alibaba.nacos.client.config.impl.ClientWorker$ConfigRpcTransportClient$$Lambda$449/0x0000000800f076a0
17:20:39.263 [main] INFO  c.a.n.c.r.client - [printIfInfoEnabled,60] - [b3064ff0-01d6-4644-baa4-7077c5971116_config-0] Register server push request handler:com.alibaba.nacos.client.config.impl.ClientWorker$ConfigRpcTransportClient$$Lambda$450/0x0000000800f078c0
17:20:39.264 [main] INFO  c.a.n.c.r.client - [printIfInfoEnabled,60] - [b3064ff0-01d6-4644-baa4-7077c5971116_config-0] Registry connection listener to current client:com.alibaba.nacos.client.config.impl.ClientWorker$ConfigRpcTransportClient$1
17:20:39.264 [main] INFO  c.a.n.c.r.client - [printIfInfoEnabled,60] - [b3064ff0-01d6-4644-baa4-7077c5971116_config-0] RpcClient init, ServerListFactory = com.alibaba.nacos.client.config.impl.ClientWorker$ConfigRpcTransportClient$2
17:20:39.280 [main] INFO  c.a.n.c.r.client - [printIfInfoEnabled,60] - [b3064ff0-01d6-4644-baa4-7077c5971116_config-0] Try to connect to server on start up, server: {serverIp = 'ahong.ltd', server main port = 8848}
17:20:41.453 [main] INFO  c.a.n.c.r.client - [printIfInfoEnabled,60] - [b3064ff0-01d6-4644-baa4-7077c5971116_config-0] Success to connect to server [ahong.ltd:8848] on start up, connectionId = 1681204840384_117.187.228.105_23881
17:20:41.454 [com.alibaba.nacos.client.remote.worker] INFO  c.a.n.c.r.client - [printIfInfoEnabled,60] - [b3064ff0-01d6-4644-baa4-7077c5971116_config-0] Notify connected event to listeners.
17:20:41.454 [main] INFO  c.a.n.c.r.client - [printIfInfoEnabled,60] - [b3064ff0-01d6-4644-baa4-7077c5971116_config-0] Register server push request handler:com.alibaba.nacos.common.remote.client.RpcClient$ConnectResetRequestHandler
17:20:41.455 [main] INFO  c.a.n.c.r.client - [printIfInfoEnabled,60] - [b3064ff0-01d6-4644-baa4-7077c5971116_config-0] Register server push request handler:com.alibaba.nacos.common.remote.client.RpcClient$$Lambda$464/0x00000008010636b8
17:20:41.617 [main] INFO  c.a.a.RecruitmentAuthApplication - [logStartupProfileInfo,634] - No active profile set, falling back to 1 default profile: "default"
17:20:43.912 [main] INFO  o.a.c.h.Http11NioProtocol - [log,173] - Initializing ProtocolHandler ["http-nio-9101"]
17:20:43.913 [main] INFO  o.a.c.c.StandardService - [log,173] - Starting service [Tomcat]
17:20:43.913 [main] INFO  o.a.c.c.StandardEngine - [log,173] - Starting Servlet engine: [Apache Tomcat/9.0.64]
17:20:44.064 [main] INFO  o.a.c.c.C.[.[.[/] - [log,173] - Initializing Spring embedded WebApplicationContext
17:20:45.459 [main] INFO  c.a.c.s.SentinelWebMvcConfigurer - [addInterceptors,52] - [Sentinel Starter] register SentinelWebInterceptor with urlPatterns: [/**].
17:20:49.686 [main] INFO  c.a.n.c.r.client - [lambda$createClient$0,80] - [RpcClientFactory] create a new rpc client of 99d707f0-b9e7-493a-9c81-d0efeac3c721
17:20:49.686 [main] INFO  c.a.n.c.r.client - [printIfInfoEnabled,60] - [99d707f0-b9e7-493a-9c81-d0efeac3c721] RpcClient init label, labels = {module=naming, source=sdk}
17:20:49.688 [main] INFO  c.a.n.c.r.client - [printIfInfoEnabled,60] - [99d707f0-b9e7-493a-9c81-d0efeac3c721] RpcClient init, ServerListFactory = com.alibaba.nacos.client.naming.core.ServerListManager
17:20:49.688 [main] INFO  c.a.n.c.r.client - [printIfInfoEnabled,60] - [99d707f0-b9e7-493a-9c81-d0efeac3c721] Registry connection listener to current client:com.alibaba.nacos.client.naming.remote.gprc.redo.NamingGrpcRedoService
17:20:49.689 [main] INFO  c.a.n.c.r.client - [printIfInfoEnabled,60] - [99d707f0-b9e7-493a-9c81-d0efeac3c721] Register server push request handler:com.alibaba.nacos.client.naming.remote.gprc.NamingPushRequestHandler
17:20:49.689 [main] INFO  c.a.n.c.r.client - [printIfInfoEnabled,60] - [99d707f0-b9e7-493a-9c81-d0efeac3c721] Try to connect to server on start up, server: {serverIp = 'ahong.ltd', server main port = 8848}
17:20:49.933 [main] INFO  c.a.n.c.r.client - [printIfInfoEnabled,60] - [99d707f0-b9e7-493a-9c81-d0efeac3c721] Success to connect to server [ahong.ltd:8848] on start up, connectionId = 1681204848947_117.187.228.105_56681
17:20:49.933 [main] INFO  c.a.n.c.r.client - [printIfInfoEnabled,60] - [99d707f0-b9e7-493a-9c81-d0efeac3c721] Register server push request handler:com.alibaba.nacos.common.remote.client.RpcClient$ConnectResetRequestHandler
17:20:49.934 [com.alibaba.nacos.client.remote.worker] INFO  c.a.n.c.r.client - [printIfInfoEnabled,60] - [99d707f0-b9e7-493a-9c81-d0efeac3c721] Notify connected event to listeners.
17:20:49.934 [main] INFO  c.a.n.c.r.client - [printIfInfoEnabled,60] - [99d707f0-b9e7-493a-9c81-d0efeac3c721] Register server push request handler:com.alibaba.nacos.common.remote.client.RpcClient$$Lambda$464/0x00000008010636b8
17:20:50.004 [main] INFO  o.a.c.h.Http11NioProtocol - [log,173] - Starting ProtocolHandler ["http-nio-9101"]
17:20:50.066 [main] INFO  c.a.c.n.r.NacosServiceRegistry - [register,75] - nacos registry, DEFAULT_GROUP recruitment-auth 192.168.198.1:9101 register finished
17:20:50.502 [nacos-grpc-client-executor-5] INFO  c.a.n.c.r.client - [printIfInfoEnabled,60] - [99d707f0-b9e7-493a-9c81-d0efeac3c721] Receive server push request, request = NotifySubscriberRequest, requestId = 492
17:20:50.506 [nacos-grpc-client-executor-5] INFO  c.a.n.c.r.client - [printIfInfoEnabled,60] - [99d707f0-b9e7-493a-9c81-d0efeac3c721] Ack server push request, request = NotifySubscriberRequest, requestId = 492
17:20:51.848 [main] INFO  c.a.a.RecruitmentAuthApplication - [logStarted,61] - Started RecruitmentAuthApplication in 17.775 seconds (JVM running for 19.253)
17:20:51.858 [main] INFO  c.a.c.n.r.NacosContextRefresher - [registerNacosListener,129] - [Nacos Config] Listening config: dataId=recruitment-auth, group=DEFAULT_GROUP
17:20:51.860 [main] INFO  c.a.c.n.r.NacosContextRefresher - [registerNacosListener,129] - [Nacos Config] Listening config: dataId=recruitment-auth.yml, group=DEFAULT_GROUP
17:20:52.108 [RMI TCP Connection(1)-192.168.159.1] INFO  o.a.c.c.C.[.[.[/] - [log,173] - Initializing Spring DispatcherServlet 'dispatcherServlet'
17:39:18.893 [nacos-grpc-client-executor-231] INFO  c.a.n.c.r.client - [printIfInfoEnabled,60] - [99d707f0-b9e7-493a-9c81-d0efeac3c721] Receive server push request, request = NotifySubscriberRequest, requestId = 503
17:39:18.894 [nacos-grpc-client-executor-231] INFO  c.a.n.c.r.client - [printIfInfoEnabled,60] - [99d707f0-b9e7-493a-9c81-d0efeac3c721] Ack server push request, request = NotifySubscriberRequest, requestId = 503
23:57:17.682 [nacos-grpc-client-executor-4782] INFO  c.a.n.c.r.client - [printIfInfoEnabled,60] - [99d707f0-b9e7-493a-9c81-d0efeac3c721] Receive server push request, request = NotifySubscriberRequest, requestId = 504
23:57:17.684 [nacos-grpc-client-executor-4782] INFO  c.a.n.c.r.client - [printIfInfoEnabled,60] - [99d707f0-b9e7-493a-9c81-d0efeac3c721] Ack server push request, request = NotifySubscriberRequest, requestId = 504
23:57:18.365 [SpringApplicationShutdownHook] INFO  c.a.c.n.r.NacosServiceRegistry - [deregister,94] - De-registering from Nacos Server now...
23:57:18.407 [SpringApplicationShutdownHook] INFO  c.a.c.n.r.NacosServiceRegistry - [deregister,114] - De-registration finished.
23:57:18.727 [SpringApplicationShutdownHook] INFO  c.a.n.c.r.client - [shutdown,454] - Shutdown rpc client, set status to shutdown
23:57:18.727 [SpringApplicationShutdownHook] INFO  c.a.n.c.r.client - [shutdown,456] - Shutdown client event executor java.util.concurrent.ScheduledThreadPoolExecutor@77bf6600[Running, pool size = 2, active threads = 2, queued tasks = 0, completed tasks = 0]
23:57:18.728 [SpringApplicationShutdownHook] INFO  c.a.n.c.r.client - [closeConnection,591] - Close current connection 1681204848947_117.187.228.105_56681
23:57:18.732 [SpringApplicationShutdownHook] INFO  c.a.n.c.r.c.g.GrpcClient - [shutdown,85] - Shutdown grpc executor java.util.concurrent.ThreadPoolExecutor@6d9d1f86[Running, pool size = 5, active threads = 0, queued tasks = 0, completed tasks = 4785]
