16:41:16.647 [main] INFO  c.a.n.c.r.client - [lambda$createClient$0,80] - [RpcClientFactory] create a new rpc client of 807028f3-d824-42f1-beda-ea004f5324af_config-0
16:41:16.699 [main] INFO  o.r.Reflections - [scan,232] - Reflections took 23 ms to scan 1 urls, producing 3 keys and 6 values 
16:41:16.720 [main] INFO  o.r.Reflections - [scan,232] - Reflections took 10 ms to scan 1 urls, producing 4 keys and 9 values 
16:41:16.729 [main] INFO  o.r.Reflections - [scan,232] - Reflections took 8 ms to scan 1 urls, producing 3 keys and 10 values 
16:41:16.738 [main] INFO  o.r.Reflections - [scan,232] - Reflections took 7 ms to scan 1 urls, producing 1 keys and 5 values 
16:41:16.748 [main] INFO  o.r.Reflections - [scan,232] - Reflections took 8 ms to scan 1 urls, producing 1 keys and 7 values 
16:41:16.758 [main] INFO  o.r.Reflections - [scan,232] - Reflections took 7 ms to scan 1 urls, producing 2 keys and 8 values 
16:41:16.759 [main] INFO  c.a.n.c.r.client - [printIfInfoEnabled,60] - [807028f3-d824-42f1-beda-ea004f5324af_config-0] RpcClient init label, labels = {module=config, Vipserver-Tag=null, source=sdk, Amory-Tag=null, Location-Tag=null, taskId=0, AppName=unknown}
16:41:16.760 [main] INFO  c.a.n.c.r.client - [printIfInfoEnabled,60] - [807028f3-d824-42f1-beda-ea004f5324af_config-0] Register server push request handler:com.alibaba.nacos.client.config.impl.ClientWorker$ConfigRpcTransportClient$$Lambda$449/0x0000000800f07d80
16:41:16.760 [main] INFO  c.a.n.c.r.client - [printIfInfoEnabled,60] - [807028f3-d824-42f1-beda-ea004f5324af_config-0] Register server push request handler:com.alibaba.nacos.client.config.impl.ClientWorker$ConfigRpcTransportClient$$Lambda$450/0x0000000800f08000
16:41:16.760 [main] INFO  c.a.n.c.r.client - [printIfInfoEnabled,60] - [807028f3-d824-42f1-beda-ea004f5324af_config-0] Registry connection listener to current client:com.alibaba.nacos.client.config.impl.ClientWorker$ConfigRpcTransportClient$1
16:41:16.760 [main] INFO  c.a.n.c.r.client - [printIfInfoEnabled,60] - [807028f3-d824-42f1-beda-ea004f5324af_config-0] RpcClient init, ServerListFactory = com.alibaba.nacos.client.config.impl.ClientWorker$ConfigRpcTransportClient$2
16:41:16.770 [main] INFO  c.a.n.c.r.client - [printIfInfoEnabled,60] - [807028f3-d824-42f1-beda-ea004f5324af_config-0] Try to connect to server on start up, server: {serverIp = 'ahong.ltd', server main port = 8848}
16:41:17.782 [main] INFO  c.a.n.c.r.client - [printIfInfoEnabled,60] - [807028f3-d824-42f1-beda-ea004f5324af_config-0] Success to connect to server [ahong.ltd:8848] on start up, connectionId = 1680943278834_117.187.228.105_35609
16:41:17.783 [main] INFO  c.a.n.c.r.client - [printIfInfoEnabled,60] - [807028f3-d824-42f1-beda-ea004f5324af_config-0] Register server push request handler:com.alibaba.nacos.common.remote.client.RpcClient$ConnectResetRequestHandler
16:41:17.783 [com.alibaba.nacos.client.remote.worker] INFO  c.a.n.c.r.client - [printIfInfoEnabled,60] - [807028f3-d824-42f1-beda-ea004f5324af_config-0] Notify connected event to listeners.
16:41:17.783 [main] INFO  c.a.n.c.r.client - [printIfInfoEnabled,60] - [807028f3-d824-42f1-beda-ea004f5324af_config-0] Register server push request handler:com.alibaba.nacos.common.remote.client.RpcClient$$Lambda$464/0x0000000801060228
16:41:17.900 [main] INFO  c.a.a.RecruitmentAuthApplication - [logStartupProfileInfo,634] - No active profile set, falling back to 1 default profile: "default"
16:41:19.467 [main] INFO  o.a.c.h.Http11NioProtocol - [log,173] - Initializing ProtocolHandler ["http-nio-8081"]
16:41:19.468 [main] INFO  o.a.c.c.StandardService - [log,173] - Starting service [Tomcat]
16:41:19.468 [main] INFO  o.a.c.c.StandardEngine - [log,173] - Starting Servlet engine: [Apache Tomcat/9.0.64]
16:41:19.552 [main] INFO  o.a.c.c.C.[.[.[/] - [log,173] - Initializing Spring embedded WebApplicationContext
16:41:20.244 [main] INFO  c.a.c.s.SentinelWebMvcConfigurer - [addInterceptors,52] - [Sentinel Starter] register SentinelWebInterceptor with urlPatterns: [/**].
16:41:23.299 [main] INFO  c.a.n.c.r.client - [lambda$createClient$0,80] - [RpcClientFactory] create a new rpc client of 35cad739-2e61-4f24-b942-5a3132f27bea
16:41:23.299 [main] INFO  c.a.n.c.r.client - [printIfInfoEnabled,60] - [35cad739-2e61-4f24-b942-5a3132f27bea] RpcClient init label, labels = {module=naming, source=sdk}
16:41:23.300 [main] INFO  c.a.n.c.r.client - [printIfInfoEnabled,60] - [35cad739-2e61-4f24-b942-5a3132f27bea] RpcClient init, ServerListFactory = com.alibaba.nacos.client.naming.core.ServerListManager
16:41:23.301 [main] INFO  c.a.n.c.r.client - [printIfInfoEnabled,60] - [35cad739-2e61-4f24-b942-5a3132f27bea] Registry connection listener to current client:com.alibaba.nacos.client.naming.remote.gprc.redo.NamingGrpcRedoService
16:41:23.301 [main] INFO  c.a.n.c.r.client - [printIfInfoEnabled,60] - [35cad739-2e61-4f24-b942-5a3132f27bea] Register server push request handler:com.alibaba.nacos.client.naming.remote.gprc.NamingPushRequestHandler
16:41:23.301 [main] INFO  c.a.n.c.r.client - [printIfInfoEnabled,60] - [35cad739-2e61-4f24-b942-5a3132f27bea] Try to connect to server on start up, server: {serverIp = 'ahong.ltd', server main port = 8848}
16:41:23.523 [main] INFO  c.a.n.c.r.client - [printIfInfoEnabled,60] - [35cad739-2e61-4f24-b942-5a3132f27bea] Success to connect to server [ahong.ltd:8848] on start up, connectionId = 1680943284615_117.187.228.105_64057
16:41:23.523 [main] INFO  c.a.n.c.r.client - [printIfInfoEnabled,60] - [35cad739-2e61-4f24-b942-5a3132f27bea] Register server push request handler:com.alibaba.nacos.common.remote.client.RpcClient$ConnectResetRequestHandler
16:41:23.524 [com.alibaba.nacos.client.remote.worker] INFO  c.a.n.c.r.client - [printIfInfoEnabled,60] - [35cad739-2e61-4f24-b942-5a3132f27bea] Notify connected event to listeners.
16:41:23.524 [main] INFO  c.a.n.c.r.client - [printIfInfoEnabled,60] - [35cad739-2e61-4f24-b942-5a3132f27bea] Register server push request handler:com.alibaba.nacos.common.remote.client.RpcClient$$Lambda$464/0x0000000801060228
16:41:23.582 [main] INFO  o.a.c.h.Http11NioProtocol - [log,173] - Starting ProtocolHandler ["http-nio-8081"]
16:41:23.637 [main] INFO  c.a.c.n.r.NacosServiceRegistry - [register,75] - nacos registry, DEFAULT_GROUP recruitment-auth 192.168.198.1:8081 register finished
16:41:24.099 [nacos-grpc-client-executor-6] INFO  c.a.n.c.r.client - [printIfInfoEnabled,60] - [35cad739-2e61-4f24-b942-5a3132f27bea] Receive server push request, request = NotifySubscriberRequest, requestId = 370
16:41:24.102 [nacos-grpc-client-executor-6] INFO  c.a.n.c.r.client - [printIfInfoEnabled,60] - [35cad739-2e61-4f24-b942-5a3132f27bea] Ack server push request, request = NotifySubscriberRequest, requestId = 370
16:41:24.958 [main] INFO  c.a.a.RecruitmentAuthApplication - [logStarted,61] - Started RecruitmentAuthApplication in 11.537 seconds (JVM running for 12.254)
16:41:24.965 [main] INFO  c.a.c.n.r.NacosContextRefresher - [registerNacosListener,129] - [Nacos Config] Listening config: dataId=recruitment-auth, group=DEFAULT_GROUP
16:41:24.966 [main] INFO  c.a.c.n.r.NacosContextRefresher - [registerNacosListener,129] - [Nacos Config] Listening config: dataId=recruitment-auth.yml, group=DEFAULT_GROUP
16:41:25.094 [RMI TCP Connection(6)-192.168.159.1] INFO  o.a.c.c.C.[.[.[/] - [log,173] - Initializing Spring DispatcherServlet 'dispatcherServlet'
16:49:59.770 [nacos-grpc-client-executor-113] INFO  c.a.n.c.r.client - [printIfInfoEnabled,60] - [35cad739-2e61-4f24-b942-5a3132f27bea] Receive server push request, request = NotifySubscriberRequest, requestId = 372
16:49:59.770 [nacos-grpc-client-executor-113] INFO  c.a.n.c.r.client - [printIfInfoEnabled,60] - [35cad739-2e61-4f24-b942-5a3132f27bea] Ack server push request, request = NotifySubscriberRequest, requestId = 372
17:11:36.554 [nacos-grpc-client-executor-375] INFO  c.a.n.c.r.client - [printIfInfoEnabled,60] - [35cad739-2e61-4f24-b942-5a3132f27bea] Receive server push request, request = NotifySubscriberRequest, requestId = 373
17:11:36.555 [nacos-grpc-client-executor-375] INFO  c.a.n.c.r.client - [printIfInfoEnabled,60] - [35cad739-2e61-4f24-b942-5a3132f27bea] Ack server push request, request = NotifySubscriberRequest, requestId = 373
17:11:58.695 [nacos-grpc-client-executor-380] INFO  c.a.n.c.r.client - [printIfInfoEnabled,60] - [35cad739-2e61-4f24-b942-5a3132f27bea] Receive server push request, request = NotifySubscriberRequest, requestId = 375
17:11:58.697 [nacos-grpc-client-executor-380] INFO  c.a.n.c.r.client - [printIfInfoEnabled,60] - [35cad739-2e61-4f24-b942-5a3132f27bea] Ack server push request, request = NotifySubscriberRequest, requestId = 375
17:12:05.143 [SpringApplicationShutdownHook] INFO  c.a.c.n.r.NacosServiceRegistry - [deregister,94] - De-registering from Nacos Server now...
17:12:05.181 [SpringApplicationShutdownHook] INFO  c.a.c.n.r.NacosServiceRegistry - [deregister,114] - De-registration finished.
17:12:05.508 [SpringApplicationShutdownHook] INFO  c.a.n.c.r.client - [shutdown,454] - Shutdown rpc client, set status to shutdown
17:12:05.508 [SpringApplicationShutdownHook] INFO  c.a.n.c.r.client - [shutdown,456] - Shutdown client event executor java.util.concurrent.ScheduledThreadPoolExecutor@7a2a8870[Running, pool size = 2, active threads = 2, queued tasks = 0, completed tasks = 0]
17:12:05.508 [SpringApplicationShutdownHook] INFO  c.a.n.c.r.client - [closeConnection,591] - Close current connection 1680943284615_117.187.228.105_64057
17:12:05.510 [SpringApplicationShutdownHook] INFO  c.a.n.c.r.c.g.GrpcClient - [shutdown,85] - Shutdown grpc executor java.util.concurrent.ThreadPoolExecutor@5730dda5[Running, pool size = 4, active threads = 0, queued tasks = 0, completed tasks = 383]
17:12:13.687 [main] INFO  c.a.n.c.r.client - [lambda$createClient$0,80] - [RpcClientFactory] create a new rpc client of d1e43ac5-6b4c-454c-8037-242ce68412ac_config-0
17:12:13.734 [main] INFO  o.r.Reflections - [scan,232] - Reflections took 22 ms to scan 1 urls, producing 3 keys and 6 values 
17:12:13.754 [main] INFO  o.r.Reflections - [scan,232] - Reflections took 9 ms to scan 1 urls, producing 4 keys and 9 values 
17:12:13.763 [main] INFO  o.r.Reflections - [scan,232] - Reflections took 8 ms to scan 1 urls, producing 3 keys and 10 values 
17:12:13.772 [main] INFO  o.r.Reflections - [scan,232] - Reflections took 7 ms to scan 1 urls, producing 1 keys and 5 values 
17:12:13.780 [main] INFO  o.r.Reflections - [scan,232] - Reflections took 7 ms to scan 1 urls, producing 1 keys and 7 values 
17:12:13.789 [main] INFO  o.r.Reflections - [scan,232] - Reflections took 8 ms to scan 1 urls, producing 2 keys and 8 values 
17:12:13.792 [main] INFO  c.a.n.c.r.client - [printIfInfoEnabled,60] - [d1e43ac5-6b4c-454c-8037-242ce68412ac_config-0] RpcClient init label, labels = {module=config, Vipserver-Tag=null, source=sdk, Amory-Tag=null, Location-Tag=null, taskId=0, AppName=unknown}
17:12:13.795 [main] INFO  c.a.n.c.r.client - [printIfInfoEnabled,60] - [d1e43ac5-6b4c-454c-8037-242ce68412ac_config-0] Register server push request handler:com.alibaba.nacos.client.config.impl.ClientWorker$ConfigRpcTransportClient$$Lambda$449/0x0000000800f07268
17:12:13.796 [main] INFO  c.a.n.c.r.client - [printIfInfoEnabled,60] - [d1e43ac5-6b4c-454c-8037-242ce68412ac_config-0] Register server push request handler:com.alibaba.nacos.client.config.impl.ClientWorker$ConfigRpcTransportClient$$Lambda$450/0x0000000800f07488
17:12:13.796 [main] INFO  c.a.n.c.r.client - [printIfInfoEnabled,60] - [d1e43ac5-6b4c-454c-8037-242ce68412ac_config-0] Registry connection listener to current client:com.alibaba.nacos.client.config.impl.ClientWorker$ConfigRpcTransportClient$1
17:12:13.797 [main] INFO  c.a.n.c.r.client - [printIfInfoEnabled,60] - [d1e43ac5-6b4c-454c-8037-242ce68412ac_config-0] RpcClient init, ServerListFactory = com.alibaba.nacos.client.config.impl.ClientWorker$ConfigRpcTransportClient$2
17:12:13.802 [main] INFO  c.a.n.c.r.client - [printIfInfoEnabled,60] - [d1e43ac5-6b4c-454c-8037-242ce68412ac_config-0] Try to connect to server on start up, server: {serverIp = 'ahong.ltd', server main port = 8848}
17:12:14.849 [main] INFO  c.a.n.c.r.client - [printIfInfoEnabled,60] - [d1e43ac5-6b4c-454c-8037-242ce68412ac_config-0] Success to connect to server [ahong.ltd:8848] on start up, connectionId = 1680945135892_117.187.228.105_65145
17:12:14.849 [com.alibaba.nacos.client.remote.worker] INFO  c.a.n.c.r.client - [printIfInfoEnabled,60] - [d1e43ac5-6b4c-454c-8037-242ce68412ac_config-0] Notify connected event to listeners.
17:12:14.849 [main] INFO  c.a.n.c.r.client - [printIfInfoEnabled,60] - [d1e43ac5-6b4c-454c-8037-242ce68412ac_config-0] Register server push request handler:com.alibaba.nacos.common.remote.client.RpcClient$ConnectResetRequestHandler
17:12:14.850 [main] INFO  c.a.n.c.r.client - [printIfInfoEnabled,60] - [d1e43ac5-6b4c-454c-8037-242ce68412ac_config-0] Register server push request handler:com.alibaba.nacos.common.remote.client.RpcClient$$Lambda$464/0x000000080105fc48
17:12:14.975 [main] INFO  c.a.a.RecruitmentAuthApplication - [logStartupProfileInfo,634] - No active profile set, falling back to 1 default profile: "default"
17:12:16.113 [main] INFO  o.a.c.h.Http11NioProtocol - [log,173] - Initializing ProtocolHandler ["http-nio-8081"]
17:12:16.113 [main] INFO  o.a.c.c.StandardService - [log,173] - Starting service [Tomcat]
17:12:16.113 [main] INFO  o.a.c.c.StandardEngine - [log,173] - Starting Servlet engine: [Apache Tomcat/9.0.64]
17:12:16.200 [main] INFO  o.a.c.c.C.[.[.[/] - [log,173] - Initializing Spring embedded WebApplicationContext
17:12:16.891 [main] INFO  c.a.c.s.SentinelWebMvcConfigurer - [addInterceptors,52] - [Sentinel Starter] register SentinelWebInterceptor with urlPatterns: [/**].
17:12:19.909 [main] INFO  c.a.n.c.r.client - [lambda$createClient$0,80] - [RpcClientFactory] create a new rpc client of a3ddee8d-888c-4c54-8a2c-3a34a38a9e99
17:12:19.909 [main] INFO  c.a.n.c.r.client - [printIfInfoEnabled,60] - [a3ddee8d-888c-4c54-8a2c-3a34a38a9e99] RpcClient init label, labels = {module=naming, source=sdk}
17:12:19.910 [main] INFO  c.a.n.c.r.client - [printIfInfoEnabled,60] - [a3ddee8d-888c-4c54-8a2c-3a34a38a9e99] RpcClient init, ServerListFactory = com.alibaba.nacos.client.naming.core.ServerListManager
17:12:19.910 [main] INFO  c.a.n.c.r.client - [printIfInfoEnabled,60] - [a3ddee8d-888c-4c54-8a2c-3a34a38a9e99] Registry connection listener to current client:com.alibaba.nacos.client.naming.remote.gprc.redo.NamingGrpcRedoService
17:12:19.910 [main] INFO  c.a.n.c.r.client - [printIfInfoEnabled,60] - [a3ddee8d-888c-4c54-8a2c-3a34a38a9e99] Register server push request handler:com.alibaba.nacos.client.naming.remote.gprc.NamingPushRequestHandler
17:12:19.911 [main] INFO  c.a.n.c.r.client - [printIfInfoEnabled,60] - [a3ddee8d-888c-4c54-8a2c-3a34a38a9e99] Try to connect to server on start up, server: {serverIp = 'ahong.ltd', server main port = 8848}
17:12:20.140 [main] INFO  c.a.n.c.r.client - [printIfInfoEnabled,60] - [a3ddee8d-888c-4c54-8a2c-3a34a38a9e99] Success to connect to server [ahong.ltd:8848] on start up, connectionId = 1680945141234_117.187.228.105_26985
17:12:20.140 [main] INFO  c.a.n.c.r.client - [printIfInfoEnabled,60] - [a3ddee8d-888c-4c54-8a2c-3a34a38a9e99] Register server push request handler:com.alibaba.nacos.common.remote.client.RpcClient$ConnectResetRequestHandler
17:12:20.140 [main] INFO  c.a.n.c.r.client - [printIfInfoEnabled,60] - [a3ddee8d-888c-4c54-8a2c-3a34a38a9e99] Register server push request handler:com.alibaba.nacos.common.remote.client.RpcClient$$Lambda$464/0x000000080105fc48
17:12:20.140 [com.alibaba.nacos.client.remote.worker] INFO  c.a.n.c.r.client - [printIfInfoEnabled,60] - [a3ddee8d-888c-4c54-8a2c-3a34a38a9e99] Notify connected event to listeners.
17:12:20.198 [main] INFO  o.a.c.h.Http11NioProtocol - [log,173] - Starting ProtocolHandler ["http-nio-8081"]
17:12:20.252 [main] INFO  c.a.c.n.r.NacosServiceRegistry - [register,75] - nacos registry, DEFAULT_GROUP recruitment-auth 192.168.198.1:8081 register finished
17:12:20.722 [nacos-grpc-client-executor-6] INFO  c.a.n.c.r.client - [printIfInfoEnabled,60] - [a3ddee8d-888c-4c54-8a2c-3a34a38a9e99] Receive server push request, request = NotifySubscriberRequest, requestId = 379
17:12:20.725 [nacos-grpc-client-executor-6] INFO  c.a.n.c.r.client - [printIfInfoEnabled,60] - [a3ddee8d-888c-4c54-8a2c-3a34a38a9e99] Ack server push request, request = NotifySubscriberRequest, requestId = 379
17:12:21.542 [main] INFO  c.a.a.RecruitmentAuthApplication - [logStarted,61] - Started RecruitmentAuthApplication in 11.069 seconds (JVM running for 11.78)
17:12:21.550 [main] INFO  c.a.c.n.r.NacosContextRefresher - [registerNacosListener,129] - [Nacos Config] Listening config: dataId=recruitment-auth, group=DEFAULT_GROUP
17:12:21.551 [main] INFO  c.a.c.n.r.NacosContextRefresher - [registerNacosListener,129] - [Nacos Config] Listening config: dataId=recruitment-auth.yml, group=DEFAULT_GROUP
17:12:22.087 [RMI TCP Connection(2)-192.168.159.1] INFO  o.a.c.c.C.[.[.[/] - [log,173] - Initializing Spring DispatcherServlet 'dispatcherServlet'
17:13:15.977 [nacos-grpc-client-executor-21] INFO  c.a.n.c.r.client - [printIfInfoEnabled,60] - [a3ddee8d-888c-4c54-8a2c-3a34a38a9e99] Receive server push request, request = NotifySubscriberRequest, requestId = 385
17:13:15.977 [nacos-grpc-client-executor-21] INFO  c.a.n.c.r.client - [printIfInfoEnabled,60] - [a3ddee8d-888c-4c54-8a2c-3a34a38a9e99] Ack server push request, request = NotifySubscriberRequest, requestId = 385
17:22:33.250 [SpringApplicationShutdownHook] INFO  c.a.c.n.r.NacosServiceRegistry - [deregister,94] - De-registering from Nacos Server now...
17:22:33.289 [SpringApplicationShutdownHook] INFO  c.a.c.n.r.NacosServiceRegistry - [deregister,114] - De-registration finished.
17:22:33.618 [SpringApplicationShutdownHook] INFO  c.a.n.c.r.client - [shutdown,454] - Shutdown rpc client, set status to shutdown
17:22:33.618 [SpringApplicationShutdownHook] INFO  c.a.n.c.r.client - [shutdown,456] - Shutdown client event executor java.util.concurrent.ScheduledThreadPoolExecutor@ed0fa31[Running, pool size = 2, active threads = 2, queued tasks = 0, completed tasks = 0]
17:22:33.618 [SpringApplicationShutdownHook] INFO  c.a.n.c.r.client - [closeConnection,591] - Close current connection 1680945141234_117.187.228.105_26985
17:22:33.621 [SpringApplicationShutdownHook] INFO  c.a.n.c.r.c.g.GrpcClient - [shutdown,85] - Shutdown grpc executor java.util.concurrent.ThreadPoolExecutor@64655742[Running, pool size = 4, active threads = 0, queued tasks = 0, completed tasks = 140]
17:22:40.251 [main] INFO  c.a.n.c.r.client - [lambda$createClient$0,80] - [RpcClientFactory] create a new rpc client of bfbc6f3e-0db0-4888-8732-e17f87087eeb_config-0
17:22:40.300 [main] INFO  o.r.Reflections - [scan,232] - Reflections took 24 ms to scan 1 urls, producing 3 keys and 6 values 
17:22:40.322 [main] INFO  o.r.Reflections - [scan,232] - Reflections took 12 ms to scan 1 urls, producing 4 keys and 9 values 
17:22:40.331 [main] INFO  o.r.Reflections - [scan,232] - Reflections took 8 ms to scan 1 urls, producing 3 keys and 10 values 
17:22:40.342 [main] INFO  o.r.Reflections - [scan,232] - Reflections took 9 ms to scan 1 urls, producing 1 keys and 5 values 
17:22:40.352 [main] INFO  o.r.Reflections - [scan,232] - Reflections took 9 ms to scan 1 urls, producing 1 keys and 7 values 
17:22:40.366 [main] INFO  o.r.Reflections - [scan,232] - Reflections took 12 ms to scan 1 urls, producing 2 keys and 8 values 
17:22:40.368 [main] INFO  c.a.n.c.r.client - [printIfInfoEnabled,60] - [bfbc6f3e-0db0-4888-8732-e17f87087eeb_config-0] RpcClient init label, labels = {module=config, Vipserver-Tag=null, source=sdk, Amory-Tag=null, Location-Tag=null, taskId=0, AppName=unknown}
17:22:40.369 [main] INFO  c.a.n.c.r.client - [printIfInfoEnabled,60] - [bfbc6f3e-0db0-4888-8732-e17f87087eeb_config-0] Register server push request handler:com.alibaba.nacos.client.config.impl.ClientWorker$ConfigRpcTransportClient$$Lambda$449/0x0000000800f06b60
17:22:40.369 [main] INFO  c.a.n.c.r.client - [printIfInfoEnabled,60] - [bfbc6f3e-0db0-4888-8732-e17f87087eeb_config-0] Register server push request handler:com.alibaba.nacos.client.config.impl.ClientWorker$ConfigRpcTransportClient$$Lambda$450/0x0000000800f06d80
17:22:40.369 [main] INFO  c.a.n.c.r.client - [printIfInfoEnabled,60] - [bfbc6f3e-0db0-4888-8732-e17f87087eeb_config-0] Registry connection listener to current client:com.alibaba.nacos.client.config.impl.ClientWorker$ConfigRpcTransportClient$1
17:22:40.370 [main] INFO  c.a.n.c.r.client - [printIfInfoEnabled,60] - [bfbc6f3e-0db0-4888-8732-e17f87087eeb_config-0] RpcClient init, ServerListFactory = com.alibaba.nacos.client.config.impl.ClientWorker$ConfigRpcTransportClient$2
17:22:40.375 [main] INFO  c.a.n.c.r.client - [printIfInfoEnabled,60] - [bfbc6f3e-0db0-4888-8732-e17f87087eeb_config-0] Try to connect to server on start up, server: {serverIp = 'ahong.ltd', server main port = 8848}
17:22:41.479 [main] INFO  c.a.n.c.r.client - [printIfInfoEnabled,60] - [bfbc6f3e-0db0-4888-8732-e17f87087eeb_config-0] Success to connect to server [ahong.ltd:8848] on start up, connectionId = 1680945762539_117.187.228.105_32457
17:22:41.480 [com.alibaba.nacos.client.remote.worker] INFO  c.a.n.c.r.client - [printIfInfoEnabled,60] - [bfbc6f3e-0db0-4888-8732-e17f87087eeb_config-0] Notify connected event to listeners.
17:22:41.480 [main] INFO  c.a.n.c.r.client - [printIfInfoEnabled,60] - [bfbc6f3e-0db0-4888-8732-e17f87087eeb_config-0] Register server push request handler:com.alibaba.nacos.common.remote.client.RpcClient$ConnectResetRequestHandler
17:22:41.480 [main] INFO  c.a.n.c.r.client - [printIfInfoEnabled,60] - [bfbc6f3e-0db0-4888-8732-e17f87087eeb_config-0] Register server push request handler:com.alibaba.nacos.common.remote.client.RpcClient$$Lambda$464/0x000000080105ef98
17:22:41.604 [main] INFO  c.a.a.RecruitmentAuthApplication - [logStartupProfileInfo,634] - No active profile set, falling back to 1 default profile: "default"
17:22:42.768 [main] INFO  o.a.c.h.Http11NioProtocol - [log,173] - Initializing ProtocolHandler ["http-nio-8081"]
17:22:42.769 [main] INFO  o.a.c.c.StandardService - [log,173] - Starting service [Tomcat]
17:22:42.769 [main] INFO  o.a.c.c.StandardEngine - [log,173] - Starting Servlet engine: [Apache Tomcat/9.0.64]
17:22:42.861 [main] INFO  o.a.c.c.C.[.[.[/] - [log,173] - Initializing Spring embedded WebApplicationContext
17:22:43.567 [main] INFO  c.a.c.s.SentinelWebMvcConfigurer - [addInterceptors,52] - [Sentinel Starter] register SentinelWebInterceptor with urlPatterns: [/**].
17:22:46.807 [main] INFO  c.a.n.c.r.client - [lambda$createClient$0,80] - [RpcClientFactory] create a new rpc client of 54ee1d75-0ac5-46dd-9803-a702f7f107f1
17:22:46.807 [main] INFO  c.a.n.c.r.client - [printIfInfoEnabled,60] - [54ee1d75-0ac5-46dd-9803-a702f7f107f1] RpcClient init label, labels = {module=naming, source=sdk}
17:22:46.808 [main] INFO  c.a.n.c.r.client - [printIfInfoEnabled,60] - [54ee1d75-0ac5-46dd-9803-a702f7f107f1] RpcClient init, ServerListFactory = com.alibaba.nacos.client.naming.core.ServerListManager
17:22:46.808 [main] INFO  c.a.n.c.r.client - [printIfInfoEnabled,60] - [54ee1d75-0ac5-46dd-9803-a702f7f107f1] Registry connection listener to current client:com.alibaba.nacos.client.naming.remote.gprc.redo.NamingGrpcRedoService
17:22:46.808 [main] INFO  c.a.n.c.r.client - [printIfInfoEnabled,60] - [54ee1d75-0ac5-46dd-9803-a702f7f107f1] Register server push request handler:com.alibaba.nacos.client.naming.remote.gprc.NamingPushRequestHandler
17:22:46.809 [main] INFO  c.a.n.c.r.client - [printIfInfoEnabled,60] - [54ee1d75-0ac5-46dd-9803-a702f7f107f1] Try to connect to server on start up, server: {serverIp = 'ahong.ltd', server main port = 8848}
17:22:47.040 [main] INFO  c.a.n.c.r.client - [printIfInfoEnabled,60] - [54ee1d75-0ac5-46dd-9803-a702f7f107f1] Success to connect to server [ahong.ltd:8848] on start up, connectionId = 1680945768138_117.187.228.105_53865
17:22:47.040 [main] INFO  c.a.n.c.r.client - [printIfInfoEnabled,60] - [54ee1d75-0ac5-46dd-9803-a702f7f107f1] Register server push request handler:com.alibaba.nacos.common.remote.client.RpcClient$ConnectResetRequestHandler
17:22:47.040 [com.alibaba.nacos.client.remote.worker] INFO  c.a.n.c.r.client - [printIfInfoEnabled,60] - [54ee1d75-0ac5-46dd-9803-a702f7f107f1] Notify connected event to listeners.
17:22:47.040 [main] INFO  c.a.n.c.r.client - [printIfInfoEnabled,60] - [54ee1d75-0ac5-46dd-9803-a702f7f107f1] Register server push request handler:com.alibaba.nacos.common.remote.client.RpcClient$$Lambda$464/0x000000080105ef98
17:22:47.099 [main] INFO  o.a.c.h.Http11NioProtocol - [log,173] - Starting ProtocolHandler ["http-nio-8081"]
17:22:47.152 [main] INFO  c.a.c.n.r.NacosServiceRegistry - [register,75] - nacos registry, DEFAULT_GROUP recruitment-auth 192.168.198.1:8081 register finished
17:22:47.651 [nacos-grpc-client-executor-6] INFO  c.a.n.c.r.client - [printIfInfoEnabled,60] - [54ee1d75-0ac5-46dd-9803-a702f7f107f1] Receive server push request, request = NotifySubscriberRequest, requestId = 389
17:22:47.654 [nacos-grpc-client-executor-6] INFO  c.a.n.c.r.client - [printIfInfoEnabled,60] - [54ee1d75-0ac5-46dd-9803-a702f7f107f1] Ack server push request, request = NotifySubscriberRequest, requestId = 389
17:22:48.472 [main] INFO  c.a.a.RecruitmentAuthApplication - [logStarted,61] - Started RecruitmentAuthApplication in 11.595 seconds (JVM running for 12.416)
17:22:48.480 [main] INFO  c.a.c.n.r.NacosContextRefresher - [registerNacosListener,129] - [Nacos Config] Listening config: dataId=recruitment-auth, group=DEFAULT_GROUP
17:22:48.481 [main] INFO  c.a.c.n.r.NacosContextRefresher - [registerNacosListener,129] - [Nacos Config] Listening config: dataId=recruitment-auth.yml, group=DEFAULT_GROUP
17:22:48.708 [RMI TCP Connection(3)-192.168.159.1] INFO  o.a.c.c.C.[.[.[/] - [log,173] - Initializing Spring DispatcherServlet 'dispatcherServlet'
17:24:04.128 [SpringApplicationShutdownHook] INFO  c.a.c.n.r.NacosServiceRegistry - [deregister,94] - De-registering from Nacos Server now...
17:24:04.169 [SpringApplicationShutdownHook] INFO  c.a.c.n.r.NacosServiceRegistry - [deregister,114] - De-registration finished.
17:24:04.500 [SpringApplicationShutdownHook] INFO  c.a.n.c.r.client - [shutdown,454] - Shutdown rpc client, set status to shutdown
17:24:04.501 [SpringApplicationShutdownHook] INFO  c.a.n.c.r.client - [shutdown,456] - Shutdown client event executor java.util.concurrent.ScheduledThreadPoolExecutor@602c5941[Running, pool size = 2, active threads = 2, queued tasks = 0, completed tasks = 0]
17:24:04.501 [SpringApplicationShutdownHook] INFO  c.a.n.c.r.client - [closeConnection,591] - Close current connection 1680945768138_117.187.228.105_53865
17:24:04.505 [SpringApplicationShutdownHook] INFO  c.a.n.c.r.c.g.GrpcClient - [shutdown,85] - Shutdown grpc executor java.util.concurrent.ThreadPoolExecutor@726fb95f[Running, pool size = 4, active threads = 0, queued tasks = 0, completed tasks = 27]
17:26:16.138 [main] INFO  c.a.n.c.r.client - [lambda$createClient$0,80] - [RpcClientFactory] create a new rpc client of 1703d139-8e12-483c-8319-a78500bf18bb_config-0
17:26:16.190 [main] INFO  o.r.Reflections - [scan,232] - Reflections took 24 ms to scan 1 urls, producing 3 keys and 6 values 
17:26:16.211 [main] INFO  o.r.Reflections - [scan,232] - Reflections took 10 ms to scan 1 urls, producing 4 keys and 9 values 
17:26:16.222 [main] INFO  o.r.Reflections - [scan,232] - Reflections took 8 ms to scan 1 urls, producing 3 keys and 10 values 
17:26:16.233 [main] INFO  o.r.Reflections - [scan,232] - Reflections took 8 ms to scan 1 urls, producing 1 keys and 5 values 
17:26:16.243 [main] INFO  o.r.Reflections - [scan,232] - Reflections took 9 ms to scan 1 urls, producing 1 keys and 7 values 
17:26:16.255 [main] INFO  o.r.Reflections - [scan,232] - Reflections took 10 ms to scan 1 urls, producing 2 keys and 8 values 
17:26:16.257 [main] INFO  c.a.n.c.r.client - [printIfInfoEnabled,60] - [1703d139-8e12-483c-8319-a78500bf18bb_config-0] RpcClient init label, labels = {module=config, Vipserver-Tag=null, source=sdk, Amory-Tag=null, Location-Tag=null, taskId=0, AppName=unknown}
17:26:16.258 [main] INFO  c.a.n.c.r.client - [printIfInfoEnabled,60] - [1703d139-8e12-483c-8319-a78500bf18bb_config-0] Register server push request handler:com.alibaba.nacos.client.config.impl.ClientWorker$ConfigRpcTransportClient$$Lambda$449/0x0000000800f076a0
17:26:16.258 [main] INFO  c.a.n.c.r.client - [printIfInfoEnabled,60] - [1703d139-8e12-483c-8319-a78500bf18bb_config-0] Register server push request handler:com.alibaba.nacos.client.config.impl.ClientWorker$ConfigRpcTransportClient$$Lambda$450/0x0000000800f078c0
17:26:16.259 [main] INFO  c.a.n.c.r.client - [printIfInfoEnabled,60] - [1703d139-8e12-483c-8319-a78500bf18bb_config-0] Registry connection listener to current client:com.alibaba.nacos.client.config.impl.ClientWorker$ConfigRpcTransportClient$1
17:26:16.265 [main] INFO  c.a.n.c.r.client - [printIfInfoEnabled,60] - [1703d139-8e12-483c-8319-a78500bf18bb_config-0] RpcClient init, ServerListFactory = com.alibaba.nacos.client.config.impl.ClientWorker$ConfigRpcTransportClient$2
17:26:16.273 [main] INFO  c.a.n.c.r.client - [printIfInfoEnabled,60] - [1703d139-8e12-483c-8319-a78500bf18bb_config-0] Try to connect to server on start up, server: {serverIp = 'ahong.ltd', server main port = 8848}
17:26:17.410 [main] INFO  c.a.n.c.r.client - [printIfInfoEnabled,60] - [1703d139-8e12-483c-8319-a78500bf18bb_config-0] Success to connect to server [ahong.ltd:8848] on start up, connectionId = 1680945978448_117.187.228.105_3705
17:26:17.411 [com.alibaba.nacos.client.remote.worker] INFO  c.a.n.c.r.client - [printIfInfoEnabled,60] - [1703d139-8e12-483c-8319-a78500bf18bb_config-0] Notify connected event to listeners.
17:26:17.411 [main] INFO  c.a.n.c.r.client - [printIfInfoEnabled,60] - [1703d139-8e12-483c-8319-a78500bf18bb_config-0] Register server push request handler:com.alibaba.nacos.common.remote.client.RpcClient$ConnectResetRequestHandler
17:26:17.411 [main] INFO  c.a.n.c.r.client - [printIfInfoEnabled,60] - [1703d139-8e12-483c-8319-a78500bf18bb_config-0] Register server push request handler:com.alibaba.nacos.common.remote.client.RpcClient$$Lambda$464/0x000000080105fc48
17:26:17.532 [main] INFO  c.a.a.RecruitmentAuthApplication - [logStartupProfileInfo,634] - No active profile set, falling back to 1 default profile: "default"
17:26:18.846 [main] INFO  o.a.c.h.Http11NioProtocol - [log,173] - Initializing ProtocolHandler ["http-nio-8081"]
17:26:18.846 [main] INFO  o.a.c.c.StandardService - [log,173] - Starting service [Tomcat]
17:26:18.846 [main] INFO  o.a.c.c.StandardEngine - [log,173] - Starting Servlet engine: [Apache Tomcat/9.0.64]
17:26:18.943 [main] INFO  o.a.c.c.C.[.[.[/] - [log,173] - Initializing Spring embedded WebApplicationContext
17:26:19.712 [main] INFO  c.a.c.s.SentinelWebMvcConfigurer - [addInterceptors,52] - [Sentinel Starter] register SentinelWebInterceptor with urlPatterns: [/**].
17:26:22.827 [main] INFO  c.a.n.c.r.client - [lambda$createClient$0,80] - [RpcClientFactory] create a new rpc client of a419c5c1-8308-4cde-a5e0-9f3ed3229ea8
17:26:22.827 [main] INFO  c.a.n.c.r.client - [printIfInfoEnabled,60] - [a419c5c1-8308-4cde-a5e0-9f3ed3229ea8] RpcClient init label, labels = {module=naming, source=sdk}
17:26:22.828 [main] INFO  c.a.n.c.r.client - [printIfInfoEnabled,60] - [a419c5c1-8308-4cde-a5e0-9f3ed3229ea8] RpcClient init, ServerListFactory = com.alibaba.nacos.client.naming.core.ServerListManager
17:26:22.828 [main] INFO  c.a.n.c.r.client - [printIfInfoEnabled,60] - [a419c5c1-8308-4cde-a5e0-9f3ed3229ea8] Registry connection listener to current client:com.alibaba.nacos.client.naming.remote.gprc.redo.NamingGrpcRedoService
17:26:22.828 [main] INFO  c.a.n.c.r.client - [printIfInfoEnabled,60] - [a419c5c1-8308-4cde-a5e0-9f3ed3229ea8] Register server push request handler:com.alibaba.nacos.client.naming.remote.gprc.NamingPushRequestHandler
17:26:22.829 [main] INFO  c.a.n.c.r.client - [printIfInfoEnabled,60] - [a419c5c1-8308-4cde-a5e0-9f3ed3229ea8] Try to connect to server on start up, server: {serverIp = 'ahong.ltd', server main port = 8848}
17:26:23.062 [main] INFO  c.a.n.c.r.client - [printIfInfoEnabled,60] - [a419c5c1-8308-4cde-a5e0-9f3ed3229ea8] Success to connect to server [ahong.ltd:8848] on start up, connectionId = 1680945984155_117.187.228.105_46169
17:26:23.062 [main] INFO  c.a.n.c.r.client - [printIfInfoEnabled,60] - [a419c5c1-8308-4cde-a5e0-9f3ed3229ea8] Register server push request handler:com.alibaba.nacos.common.remote.client.RpcClient$ConnectResetRequestHandler
17:26:23.062 [com.alibaba.nacos.client.remote.worker] INFO  c.a.n.c.r.client - [printIfInfoEnabled,60] - [a419c5c1-8308-4cde-a5e0-9f3ed3229ea8] Notify connected event to listeners.
17:26:23.062 [main] INFO  c.a.n.c.r.client - [printIfInfoEnabled,60] - [a419c5c1-8308-4cde-a5e0-9f3ed3229ea8] Register server push request handler:com.alibaba.nacos.common.remote.client.RpcClient$$Lambda$464/0x000000080105fc48
17:26:23.121 [main] INFO  o.a.c.h.Http11NioProtocol - [log,173] - Starting ProtocolHandler ["http-nio-8081"]
17:26:23.177 [main] INFO  c.a.c.n.r.NacosServiceRegistry - [register,75] - nacos registry, DEFAULT_GROUP recruitment-auth 192.168.198.1:8081 register finished
17:26:23.641 [nacos-grpc-client-executor-5] INFO  c.a.n.c.r.client - [printIfInfoEnabled,60] - [a419c5c1-8308-4cde-a5e0-9f3ed3229ea8] Receive server push request, request = NotifySubscriberRequest, requestId = 394
17:26:23.648 [nacos-grpc-client-executor-5] INFO  c.a.n.c.r.client - [printIfInfoEnabled,60] - [a419c5c1-8308-4cde-a5e0-9f3ed3229ea8] Ack server push request, request = NotifySubscriberRequest, requestId = 394
17:26:24.908 [main] INFO  c.a.a.RecruitmentAuthApplication - [logStarted,61] - Started RecruitmentAuthApplication in 12.138 seconds (JVM running for 12.89)
17:26:24.922 [main] INFO  c.a.c.n.r.NacosContextRefresher - [registerNacosListener,129] - [Nacos Config] Listening config: dataId=recruitment-auth, group=DEFAULT_GROUP
17:26:24.924 [main] INFO  c.a.c.n.r.NacosContextRefresher - [registerNacosListener,129] - [Nacos Config] Listening config: dataId=recruitment-auth.yml, group=DEFAULT_GROUP
17:26:25.508 [RMI TCP Connection(7)-192.168.159.1] INFO  o.a.c.c.C.[.[.[/] - [log,173] - Initializing Spring DispatcherServlet 'dispatcherServlet'
17:27:32.009 [nacos-grpc-client-executor-23] INFO  c.a.n.c.r.client - [printIfInfoEnabled,60] - [a419c5c1-8308-4cde-a5e0-9f3ed3229ea8] Receive server push request, request = NotifySubscriberRequest, requestId = 400
17:27:32.009 [nacos-grpc-client-executor-23] INFO  c.a.n.c.r.client - [printIfInfoEnabled,60] - [a419c5c1-8308-4cde-a5e0-9f3ed3229ea8] Ack server push request, request = NotifySubscriberRequest, requestId = 400
20:49:31.987 [SpringApplicationShutdownHook] INFO  c.a.c.n.r.NacosServiceRegistry - [deregister,94] - De-registering from Nacos Server now...
20:49:32.026 [SpringApplicationShutdownHook] INFO  c.a.c.n.r.NacosServiceRegistry - [deregister,114] - De-registration finished.
20:49:32.349 [SpringApplicationShutdownHook] INFO  c.a.n.c.r.client - [shutdown,454] - Shutdown rpc client, set status to shutdown
20:49:32.349 [SpringApplicationShutdownHook] INFO  c.a.n.c.r.client - [shutdown,456] - Shutdown client event executor java.util.concurrent.ScheduledThreadPoolExecutor@31c88219[Running, pool size = 2, active threads = 2, queued tasks = 0, completed tasks = 0]
20:49:32.349 [SpringApplicationShutdownHook] INFO  c.a.n.c.r.client - [closeConnection,591] - Close current connection 1680945984155_117.187.228.105_46169
20:49:32.352 [SpringApplicationShutdownHook] INFO  c.a.n.c.r.c.g.GrpcClient - [shutdown,85] - Shutdown grpc executor java.util.concurrent.ThreadPoolExecutor@15952b0[Running, pool size = 4, active threads = 0, queued tasks = 0, completed tasks = 2464]
